<?xml version="1.0" encoding="UTF-8"?>
<coverage generated="1772473028913" clover="3.2.0">
  <project timestamp="1772473028913" name="All files">
    <metrics statements="265" coveredstatements="261" conditionals="228" coveredconditionals="219" methods="86" coveredmethods="82" elements="579" coveredelements="562" complexity="0" loc="265" ncloc="265" packages="8" files="24" classes="24"/>
    <package name="components.table">
      <metrics statements="16" coveredstatements="16" conditionals="13" coveredconditionals="10" methods="8" coveredmethods="8"/>
      <file name="DataTable.tsx" path="/Users/byronhulcher/scratch/frontend-interview/src/components/table/DataTable.tsx">
        <metrics statements="16" coveredstatements="16" conditionals="13" coveredconditionals="10" methods="8" coveredmethods="8"/>
        <line num="26" count="191" type="stmt"/>
        <line num="27" count="191" type="stmt"/>
        <line num="38" count="191" type="stmt"/>
        <line num="43" count="191" type="stmt"/>
        <line num="45" count="15" type="cond" truecount="1" falsecount="1"/>
        <line num="46" count="15" type="stmt"/>
        <line num="53" count="191" type="stmt"/>
        <line num="55" count="187" type="stmt"/>
        <line num="56" count="668" type="cond" truecount="2" falsecount="0"/>
        <line num="59" count="1836" type="cond" truecount="2" falsecount="0"/>
        <line num="60" count="1836" type="cond" truecount="2" falsecount="0"/>
        <line num="63" count="1836" type="stmt"/>
        <line num="71" count="27" type="stmt"/>
        <line num="72" count="15" type="stmt"/>
        <line num="87" count="191" type="stmt"/>
        <line num="99" count="482" type="stmt"/>
      </file>
    </package>
    <package name="components.table.cells">
      <metrics statements="126" coveredstatements="125" conditionals="144" coveredconditionals="141" methods="37" coveredmethods="36"/>
      <file name="BoolCell.tsx" path="/Users/byronhulcher/scratch/frontend-interview/src/components/table/cells/BoolCell.tsx">
        <metrics statements="8" coveredstatements="8" conditionals="8" coveredconditionals="8" methods="2" coveredmethods="2"/>
        <line num="12" count="4" type="stmt"/>
        <line num="30" count="17" type="stmt"/>
        <line num="38" count="17" type="stmt"/>
        <line num="39" count="3" type="stmt"/>
        <line num="40" count="3" type="stmt"/>
        <line num="41" count="3" type="stmt"/>
        <line num="42" count="3" type="stmt"/>
        <line num="45" count="17" type="stmt"/>
      </file>
      <file name="BoolTableCell.tsx" path="/Users/byronhulcher/scratch/frontend-interview/src/components/table/cells/BoolTableCell.tsx">
        <metrics statements="13" coveredstatements="12" conditionals="10" coveredconditionals="10" methods="4" coveredmethods="3"/>
        <line num="22" count="18" type="stmt"/>
        <line num="23" count="18" type="stmt"/>
        <line num="24" count="18" type="stmt"/>
        <line num="26" count="18" type="stmt"/>
        <line num="27" count="15" type="cond" truecount="2" falsecount="0"/>
        <line num="28" count="10" type="stmt"/>
        <line num="32" count="18" type="stmt"/>
        <line num="33" count="3" type="stmt"/>
        <line num="34" count="3" type="stmt"/>
        <line num="35" count="3" type="stmt"/>
        <line num="36" count="3" type="stmt"/>
        <line num="39" count="18" type="stmt"/>
        <line num="51" count="0" type="stmt"/>
      </file>
      <file name="CellShell.tsx" path="/Users/byronhulcher/scratch/frontend-interview/src/components/table/cells/CellShell.tsx">
        <metrics statements="3" coveredstatements="3" conditionals="7" coveredconditionals="7" methods="2" coveredmethods="2"/>
        <line num="13" count="10" type="stmt"/>
        <line num="22" count="1198" type="stmt"/>
        <line num="29" count="42" type="cond" truecount="2" falsecount="0"/>
      </file>
      <file name="DataTableCell.tsx" path="/Users/byronhulcher/scratch/frontend-interview/src/components/table/cells/DataTableCell.tsx">
        <metrics statements="9" coveredstatements="9" conditionals="11" coveredconditionals="11" methods="1" coveredmethods="1"/>
        <line num="17" count="5" type="stmt"/>
        <line num="27" count="1854" type="cond" truecount="2" falsecount="0"/>
        <line num="29" count="1854" type="cond" truecount="4" falsecount="0"/>
        <line num="31" count="165" type="stmt"/>
        <line num="35" count="674" type="stmt"/>
        <line num="39" count="503" type="stmt"/>
        <line num="48" count="512" type="cond" truecount="2" falsecount="0"/>
        <line num="49" count="512" type="cond" truecount="2" falsecount="0"/>
        <line num="52" count="512" type="stmt"/>
      </file>
      <file name="NumberCell.tsx" path="/Users/byronhulcher/scratch/frontend-interview/src/components/table/cells/NumberCell.tsx">
        <metrics statements="10" coveredstatements="10" conditionals="8" coveredconditionals="8" methods="3" coveredmethods="3"/>
        <line num="12" count="4" type="stmt"/>
        <line num="25" count="519" type="stmt"/>
        <line num="34" count="519" type="stmt"/>
        <line num="35" count="507" type="cond" truecount="4" falsecount="0"/>
        <line num="37" count="501" type="stmt"/>
        <line num="42" count="1" type="stmt"/>
        <line num="44" count="1" type="stmt"/>
        <line num="46" count="4" type="stmt"/>
        <line num="50" count="519" type="stmt"/>
        <line num="62" count="4" type="stmt"/>
      </file>
      <file name="NumberTableCell.tsx" path="/Users/byronhulcher/scratch/frontend-interview/src/components/table/cells/NumberTableCell.tsx">
        <metrics statements="9" coveredstatements="9" conditionals="8" coveredconditionals="8" methods="3" coveredmethods="3"/>
        <line num="22" count="19" type="stmt"/>
        <line num="31" count="19" type="stmt"/>
        <line num="32" count="7" type="cond" truecount="4" falsecount="0"/>
        <line num="34" count="1" type="stmt"/>
        <line num="39" count="1" type="stmt"/>
        <line num="41" count="1" type="stmt"/>
        <line num="43" count="4" type="stmt"/>
        <line num="47" count="19" type="stmt"/>
        <line num="59" count="4" type="stmt"/>
      </file>
      <file name="PopperCell.tsx" path="/Users/byronhulcher/scratch/frontend-interview/src/components/table/cells/PopperCell.tsx">
        <metrics statements="34" coveredstatements="34" conditionals="42" coveredconditionals="41" methods="9" coveredmethods="9"/>
        <line num="18" count="3" type="stmt"/>
        <line num="25" count="65" type="stmt"/>
        <line num="37" count="3" type="stmt"/>
        <line num="49" count="549" type="stmt"/>
        <line num="50" count="549" type="stmt"/>
        <line num="51" count="549" type="stmt"/>
        <line num="52" count="549" type="stmt"/>
        <line num="53" count="549" type="stmt"/>
        <line num="57" count="549" type="stmt"/>
        <line num="58" count="210" type="cond" truecount="4" falsecount="0"/>
        <line num="59" count="24" type="stmt"/>
        <line num="63" count="549" type="stmt"/>
        <line num="64" count="28" type="cond" truecount="4" falsecount="0"/>
        <line num="66" count="15" type="cond" truecount="2" falsecount="0"/>
        <line num="67" count="15" type="cond" truecount="2" falsecount="0"/>
        <line num="68" count="15" type="cond" truecount="4" falsecount="0"/>
        <line num="69" count="15" type="stmt"/>
        <line num="71" count="28" type="stmt"/>
        <line num="74" count="28" type="cond" truecount="2" falsecount="0"/>
        <line num="75" count="10" type="stmt"/>
        <line num="79" count="549" type="stmt"/>
        <line num="84" count="10" type="stmt"/>
        <line num="85" count="10" type="cond" truecount="1" falsecount="1"/>
        <line num="86" count="10" type="stmt"/>
        <line num="87" count="50" type="cond" truecount="2" falsecount="0"/>
        <line num="89" count="10" type="cond" truecount="2" falsecount="0"/>
        <line num="90" count="10" type="stmt"/>
        <line num="94" count="549" type="stmt"/>
        <line num="107" count="58" type="cond" truecount="2" falsecount="0"/>
        <line num="108" count="12" type="stmt"/>
        <line num="109" count="12" type="stmt"/>
        <line num="110" count="12" type="cond" truecount="2" falsecount="0"/>
        <line num="111" count="6" type="stmt"/>
        <line num="113" count="6" type="stmt"/>
      </file>
      <file name="PopperTableCell.tsx" path="/Users/byronhulcher/scratch/frontend-interview/src/components/table/cells/PopperTableCell.tsx">
        <metrics statements="33" coveredstatements="33" conditionals="42" coveredconditionals="40" methods="9" coveredmethods="9"/>
        <line num="18" count="1" type="stmt"/>
        <line num="25" count="60" type="stmt"/>
        <line num="47" count="38" type="stmt"/>
        <line num="48" count="38" type="stmt"/>
        <line num="49" count="38" type="stmt"/>
        <line num="50" count="38" type="stmt"/>
        <line num="51" count="38" type="stmt"/>
        <line num="55" count="38" type="stmt"/>
        <line num="56" count="38" type="cond" truecount="4" falsecount="0"/>
        <line num="57" count="20" type="stmt"/>
        <line num="61" count="38" type="stmt"/>
        <line num="62" count="18" type="cond" truecount="4" falsecount="0"/>
        <line num="64" count="12" type="cond" truecount="2" falsecount="0"/>
        <line num="65" count="12" type="cond" truecount="2" falsecount="0"/>
        <line num="66" count="12" type="cond" truecount="4" falsecount="0"/>
        <line num="67" count="12" type="stmt"/>
        <line num="69" count="18" type="stmt"/>
        <line num="72" count="18" type="cond" truecount="2" falsecount="0"/>
        <line num="73" count="4" type="stmt"/>
        <line num="77" count="38" type="stmt"/>
        <line num="82" count="4" type="stmt"/>
        <line num="83" count="4" type="cond" truecount="1" falsecount="1"/>
        <line num="84" count="4" type="stmt"/>
        <line num="85" count="20" type="cond" truecount="2" falsecount="0"/>
        <line num="87" count="4" type="cond" truecount="1" falsecount="1"/>
        <line num="88" count="4" type="stmt"/>
        <line num="92" count="38" type="stmt"/>
        <line num="105" count="20" type="cond" truecount="2" falsecount="0"/>
        <line num="106" count="2" type="stmt"/>
        <line num="107" count="2" type="stmt"/>
        <line num="108" count="2" type="cond" truecount="2" falsecount="0"/>
        <line num="109" count="1" type="stmt"/>
        <line num="111" count="1" type="stmt"/>
      </file>
      <file name="TextCell.tsx" path="/Users/byronhulcher/scratch/frontend-interview/src/components/table/cells/TextCell.tsx">
        <metrics statements="4" coveredstatements="4" conditionals="4" coveredconditionals="4" methods="2" coveredmethods="2"/>
        <line num="11" count="4" type="stmt"/>
        <line num="23" count="589" type="stmt"/>
        <line num="32" count="589" type="stmt"/>
        <line num="44" count="69" type="stmt"/>
      </file>
      <file name="TextTableCell.tsx" path="/Users/byronhulcher/scratch/frontend-interview/src/components/table/cells/TextTableCell.tsx">
        <metrics statements="3" coveredstatements="3" conditionals="4" coveredconditionals="4" methods="2" coveredmethods="2"/>
        <line num="20" count="24" type="stmt"/>
        <line num="29" count="24" type="stmt"/>
        <line num="41" count="10" type="stmt"/>
      </file>
    </package>
    <package name="components.table.cells.hooks">
      <metrics statements="30" coveredstatements="30" conditionals="16" coveredconditionals="15" methods="7" coveredmethods="7"/>
      <file name="useCellKeyboard.ts" path="/Users/byronhulcher/scratch/frontend-interview/src/components/table/cells/hooks/useCellKeyboard.ts">
        <metrics statements="14" coveredstatements="14" conditionals="8" coveredconditionals="8" methods="2" coveredmethods="2"/>
        <line num="16" count="1810" type="stmt"/>
        <line num="18" count="181" type="cond" truecount="3" falsecount="0"/>
        <line num="20" count="18" type="stmt"/>
        <line num="21" count="18" type="stmt"/>
        <line num="23" count="48" type="cond" truecount="2" falsecount="0"/>
        <line num="24" count="13" type="stmt"/>
        <line num="25" count="13" type="stmt"/>
        <line num="26" count="13" type="stmt"/>
        <line num="28" count="48" type="stmt"/>
        <line num="30" count="23" type="stmt"/>
        <line num="31" count="23" type="stmt"/>
        <line num="32" count="23" type="cond" truecount="2" falsecount="0"/>
        <line num="33" count="23" type="stmt"/>
        <line num="38" count="1810" type="stmt"/>
      </file>
      <file name="useEditableCell.ts" path="/Users/byronhulcher/scratch/frontend-interview/src/components/table/cells/hooks/useEditableCell.ts">
        <metrics statements="16" coveredstatements="16" conditionals="8" coveredconditionals="7" methods="5" coveredmethods="5"/>
        <line num="20" count="1187" type="stmt"/>
        <line num="21" count="1187" type="stmt"/>
        <line num="23" count="1187" type="stmt"/>
        <line num="24" count="96" type="stmt"/>
        <line num="27" count="1187" type="stmt"/>
        <line num="28" count="44" type="cond" truecount="1" falsecount="1"/>
        <line num="29" count="44" type="stmt"/>
        <line num="32" count="1187" type="stmt"/>
        <line num="38" count="1187" type="stmt"/>
        <line num="39" count="418" type="cond" truecount="2" falsecount="0"/>
        <line num="40" count="58" type="stmt"/>
        <line num="42" count="58" type="cond" truecount="2" falsecount="0"/>
        <line num="43" count="49" type="stmt"/>
        <line num="49" count="1187" type="stmt"/>
        <line num="50" count="516" type="cond" truecount="2" falsecount="0"/>
        <line num="54" count="1187" type="stmt"/>
      </file>
    </package>
    <package name="components.table.hooks">
      <metrics statements="56" coveredstatements="56" conditionals="45" coveredconditionals="44" methods="10" coveredmethods="10"/>
      <file name="useTableNavigation.ts" path="/Users/byronhulcher/scratch/frontend-interview/src/components/table/hooks/useTableNavigation.ts">
        <metrics statements="56" coveredstatements="56" conditionals="45" coveredconditionals="44" methods="10" coveredmethods="10"/>
        <line num="19" count="279" type="stmt"/>
        <line num="20" count="279" type="stmt"/>
        <line num="22" count="279" type="stmt"/>
        <line num="24" count="36" type="stmt"/>
        <line num="25" count="36" type="cond" truecount="2" falsecount="0"/>
        <line num="26" count="35" type="stmt"/>
        <line num="27" count="35" type="cond" truecount="6" falsecount="0"/>
        <line num="29" count="5" type="cond" truecount="2" falsecount="0"/>
        <line num="31" count="6" type="cond" truecount="2" falsecount="0"/>
        <line num="35" count="5" type="cond" truecount="2" falsecount="0"/>
        <line num="37" count="5" type="cond" truecount="2" falsecount="0"/>
        <line num="41" count="9" type="cond" truecount="2" falsecount="0"/>
        <line num="42" count="6" type="stmt"/>
        <line num="43" count="3" type="cond" truecount="2" falsecount="0"/>
        <line num="44" count="2" type="stmt"/>
        <line num="45" count="1" type="stmt"/>
        <line num="47" count="5" type="cond" truecount="2" falsecount="0"/>
        <line num="48" count="2" type="cond" truecount="2" falsecount="0"/>
        <line num="49" count="2" type="stmt"/>
        <line num="50" count="1" type="stmt"/>
        <line num="59" count="279" type="stmt"/>
        <line num="60" count="53" type="stmt"/>
        <line num="62" count="53" type="stmt"/>
        <line num="65" count="279" type="stmt"/>
        <line num="66" count="18" type="stmt"/>
        <line num="69" count="279" type="stmt"/>
        <line num="70" count="24" type="cond" truecount="2" falsecount="0"/>
        <line num="71" count="24" type="stmt"/>
        <line num="74" count="279" type="stmt"/>
        <line num="79" count="126" type="cond" truecount="4" falsecount="0"/>
        <line num="80" count="55" type="stmt"/>
        <line num="86" count="279" type="stmt"/>
        <line num="92" count="107" type="stmt"/>
        <line num="94" count="107" type="cond" truecount="4" falsecount="0"/>
        <line num="96" count="38" type="cond" truecount="7" falsecount="0"/>
        <line num="98" count="3" type="stmt"/>
        <line num="99" count="3" type="stmt"/>
        <line num="100" count="3" type="stmt"/>
        <line num="102" count="4" type="stmt"/>
        <line num="103" count="4" type="stmt"/>
        <line num="104" count="4" type="stmt"/>
        <line num="106" count="3" type="stmt"/>
        <line num="107" count="3" type="stmt"/>
        <line num="108" count="3" type="stmt"/>
        <line num="110" count="3" type="stmt"/>
        <line num="111" count="3" type="stmt"/>
        <line num="112" count="3" type="stmt"/>
        <line num="114" count="5" type="stmt"/>
        <line num="115" count="5" type="cond" truecount="2" falsecount="0"/>
        <line num="116" count="5" type="stmt"/>
        <line num="118" count="9" type="stmt"/>
        <line num="119" count="9" type="cond" truecount="1" falsecount="1"/>
        <line num="120" count="9" type="stmt"/>
        <line num="122" count="9" type="stmt"/>
        <line num="123" count="9" type="stmt"/>
        <line num="129" count="279" type="stmt"/>
      </file>
    </package>
    <package name="components.ui">
      <metrics statements="15" coveredstatements="12" conditionals="5" coveredconditionals="4" methods="13" coveredmethods="10"/>
      <file name="button-variants.ts" path="/Users/byronhulcher/scratch/frontend-interview/src/components/ui/button-variants.ts">
        <metrics statements="1" coveredstatements="1" conditionals="0" coveredconditionals="0" methods="0" coveredmethods="0"/>
        <line num="3" count="3" type="stmt"/>
      </file>
      <file name="button.tsx" path="/Users/byronhulcher/scratch/frontend-interview/src/components/ui/button.tsx">
        <metrics statements="2" coveredstatements="2" conditionals="3" coveredconditionals="2" methods="1" coveredmethods="1"/>
        <line num="18" count="786" type="cond" truecount="1" falsecount="1"/>
        <line num="20" count="786" type="stmt"/>
      </file>
      <file name="popover.tsx" path="/Users/byronhulcher/scratch/frontend-interview/src/components/ui/popover.tsx">
        <metrics statements="4" coveredstatements="3" conditionals="2" coveredconditionals="2" methods="4" coveredmethods="3"/>
        <line num="9" count="587" type="stmt"/>
        <line num="15" count="587" type="stmt"/>
        <line num="24" count="587" type="stmt"/>
        <line num="43" count="0" type="stmt"/>
      </file>
      <file name="table.tsx" path="/Users/byronhulcher/scratch/frontend-interview/src/components/ui/table.tsx">
        <metrics statements="8" coveredstatements="6" conditionals="0" coveredconditionals="0" methods="8" coveredmethods="6"/>
        <line num="6" count="187" type="stmt"/>
        <line num="21" count="187" type="stmt"/>
        <line num="31" count="187" type="stmt"/>
        <line num="41" count="0" type="stmt"/>
        <line num="54" count="855" type="stmt"/>
        <line num="67" count="474" type="stmt"/>
        <line num="80" count="1785" type="stmt"/>
        <line num="96" count="0" type="stmt"/>
      </file>
    </package>
    <package name="data">
      <metrics statements="11" coveredstatements="11" conditionals="1" coveredconditionals="1" methods="4" coveredmethods="4"/>
      <file name="generateData.ts" path="/Users/byronhulcher/scratch/frontend-interview/src/data/generateData.ts">
        <metrics statements="11" coveredstatements="11" conditionals="1" coveredconditionals="1" methods="4" coveredmethods="4"/>
        <line num="4" count="4" type="stmt"/>
        <line num="17" count="4" type="stmt"/>
        <line num="30" count="4" type="stmt"/>
        <line num="44" count="3905" type="stmt"/>
        <line num="48" count="1355" type="stmt"/>
        <line num="52" count="2655" type="stmt"/>
        <line num="59" count="15" type="stmt"/>
        <line num="61" count="15" type="stmt"/>
        <line num="62" count="1300" type="stmt"/>
        <line num="74" count="15" type="stmt"/>
        <line num="77" count="4" type="stmt"/>
      </file>
    </package>
    <package name="data.nestedDataStore">
      <metrics statements="10" coveredstatements="10" conditionals="4" coveredconditionals="4" methods="6" coveredmethods="6"/>
      <file name="NestedDataStore.ts" path="/Users/byronhulcher/scratch/frontend-interview/src/data/nestedDataStore/NestedDataStore.ts">
        <metrics statements="2" coveredstatements="2" conditionals="0" coveredconditionals="0" methods="2" coveredmethods="2"/>
        <line num="8" count="4" type="stmt"/>
        <line num="9" count="2" type="stmt"/>
      </file>
      <file name="NestedDataStoreContext.ts" path="/Users/byronhulcher/scratch/frontend-interview/src/data/nestedDataStore/NestedDataStoreContext.ts">
        <metrics statements="1" coveredstatements="1" conditionals="0" coveredconditionals="0" methods="0" coveredmethods="0"/>
        <line num="4" count="4" type="stmt"/>
      </file>
      <file name="NestedDataStoreProvider.tsx" path="/Users/byronhulcher/scratch/frontend-interview/src/data/nestedDataStore/NestedDataStoreProvider.tsx">
        <metrics statements="6" coveredstatements="6" conditionals="2" coveredconditionals="2" methods="3" coveredmethods="3"/>
        <line num="11" count="9" type="stmt"/>
        <line num="14" count="9" type="stmt"/>
        <line num="15" count="11" type="cond" truecount="2" falsecount="0"/>
        <line num="18" count="9" type="stmt"/>
        <line num="19" count="15" type="stmt"/>
        <line num="22" count="9" type="stmt"/>
      </file>
      <file name="useNestedDataStore.ts" path="/Users/byronhulcher/scratch/frontend-interview/src/data/nestedDataStore/useNestedDataStore.ts">
        <metrics statements="1" coveredstatements="1" conditionals="2" coveredconditionals="2" methods="1" coveredmethods="1"/>
        <line num="8" count="596" type="cond" truecount="2" falsecount="0"/>
      </file>
    </package>
    <package name="lib">
      <metrics statements="1" coveredstatements="1" conditionals="0" coveredconditionals="0" methods="1" coveredmethods="1"/>
      <file name="utils.ts" path="/Users/byronhulcher/scratch/frontend-interview/src/lib/utils.ts">
        <metrics statements="1" coveredstatements="1" conditionals="0" coveredconditionals="0" methods="1" coveredmethods="1"/>
        <line num="5" count="6843" type="stmt"/>
      </file>
    </package>
  </project>
</coverage>
