{"/Users/byronhulcher/scratch/frontend-interview/src/components/table/DataTable.tsx": {"path":"/Users/byronhulcher/scratch/frontend-interview/src/components/table/DataTable.tsx","statementMap":{"0":{"start":{"line":26,"column":18},"end":{"line":26,"column":null}},"1":{"start":{"line":27,"column":18},"end":{"line":27,"column":null}},"2":{"start":{"line":38,"column":2},"end":{"line":38,"column":null}},"3":{"start":{"line":43,"column":8},"end":{"line":50,"column":null}},"4":{"start":{"line":45,"column":6},"end":{"line":47,"column":null}},"5":{"start":{"line":46,"column":8},"end":{"line":46,"column":null}},"6":{"start":{"line":53,"column":8},"end":{"line":83,"column":null}},"7":{"start":{"line":55,"column":6},"end":{"line":81,"column":null}},"8":{"start":{"line":56,"column":8},"end":{"line":80,"column":null}},"9":{"start":{"line":59,"column":14},"end":{"line":59,"column":null}},"10":{"start":{"line":60,"column":30},"end":{"line":62,"column":null}},"11":{"start":{"line":63,"column":12},"end":{"line":77,"column":null}},"12":{"start":{"line":71,"column":32},"end":{"line":71,"column":null}},"13":{"start":{"line":72,"column":30},"end":{"line":72,"column":null}},"14":{"start":{"line":87,"column":2},"end":{"line":105,"column":null}},"15":{"start":{"line":99,"column":14},"end":{"line":99,"column":null}}},"fnMap":{"0":{"name":"DataTable","decl":{"start":{"line":20,"column":16},"end":{"line":20,"column":26}},"loc":{"start":{"line":25,"column":19},"end":{"line":107,"column":null}},"line":25},"1":{"name":"(anonymous_1)","decl":{"start":{"line":44,"column":4},"end":{"line":44,"column":5}},"loc":{"start":{"line":44,"column":20},"end":{"line":48,"column":null}},"line":44},"2":{"name":"(anonymous_2)","decl":{"start":{"line":54,"column":4},"end":{"line":54,"column":null}},"loc":{"start":{"line":55,"column":6},"end":{"line":81,"column":null}},"line":55},"3":{"name":"(anonymous_3)","decl":{"start":{"line":55,"column":15},"end":{"line":55,"column":16}},"loc":{"start":{"line":56,"column":8},"end":{"line":80,"column":null}},"line":56},"4":{"name":"(anonymous_4)","decl":{"start":{"line":57,"column":23},"end":{"line":57,"column":24}},"loc":{"start":{"line":57,"column":45},"end":{"line":79,"column":11}},"line":57},"5":{"name":"(anonymous_5)","decl":{"start":{"line":71,"column":26},"end":{"line":71,"column":32}},"loc":{"start":{"line":71,"column":32},"end":{"line":71,"column":null}},"line":71},"6":{"name":"(anonymous_6)","decl":{"start":{"line":72,"column":24},"end":{"line":72,"column":30}},"loc":{"start":{"line":72,"column":30},"end":{"line":72,"column":null}},"line":72},"7":{"name":"(anonymous_7)","decl":{"start":{"line":98,"column":25},"end":{"line":98,"column":26}},"loc":{"start":{"line":99,"column":14},"end":{"line":99,"column":null}},"line":99}},"branchMap":{"0":{"loc":{"start":{"line":23,"column":2},"end":{"line":23,"column":null}},"type":"default-arg","locations":[{"start":{"line":23,"column":13},"end":{"line":23,"column":null}}],"line":23},"1":{"loc":{"start":{"line":45,"column":6},"end":{"line":47,"column":null}},"type":"if","locations":[{"start":{"line":45,"column":6},"end":{"line":47,"column":null}},{"start":{},"end":{}}],"line":45},"2":{"loc":{"start":{"line":59,"column":14},"end":{"line":59,"column":null}},"type":"binary-expr","locations":[{"start":{"line":59,"column":14},"end":{"line":59,"column":46}},{"start":{"line":59,"column":46},"end":{"line":59,"column":null}}],"line":59},"3":{"loc":{"start":{"line":60,"column":30},"end":{"line":62,"column":null}},"type":"cond-expr","locations":[{"start":{"line":61,"column":16},"end":{"line":61,"column":null}},{"start":{"line":62,"column":16},"end":{"line":62,"column":null}}],"line":60},"4":{"loc":{"start":{"line":69,"column":28},"end":{"line":69,"column":null}},"type":"binary-expr","locations":[{"start":{"line":69,"column":28},"end":{"line":69,"column":42}},{"start":{"line":69,"column":42},"end":{"line":69,"column":null}}],"line":69},"5":{"loc":{"start":{"line":70,"column":27},"end":{"line":70,"column":null}},"type":"binary-expr","locations":[{"start":{"line":70,"column":27},"end":{"line":70,"column":40}},{"start":{"line":70,"column":40},"end":{"line":70,"column":null}}],"line":70},"6":{"loc":{"start":{"line":56,"column":30},"end":{"line":56,"column":48}},"type":"binary-expr","locations":[{"start":{"line":56,"column":30},"end":{"line":56,"column":40}},{"start":{"line":56,"column":40},"end":{"line":56,"column":48}}],"line":56}},"s":{"0":191,"1":191,"2":191,"3":191,"4":15,"5":15,"6":191,"7":187,"8":668,"9":1836,"10":1836,"11":1836,"12":27,"13":15,"14":191,"15":482},"f":{"0":191,"1":15,"2":187,"3":668,"4":1836,"5":27,"6":15,"7":482},"b":{"0":[191],"1":[15,0],"2":[1836,307],"3":[123,1713],"4":[1836,0],"5":[1836,0],"6":[668,162]},"meta":{"lastBranch":7,"lastFunction":8,"lastStatement":16,"seen":{"f:20:16:20:26":0,"b:23:13:23:Infinity":0,"s:26:18:26:Infinity":0,"s:27:18:27:Infinity":1,"s:38:2:38:Infinity":2,"s:43:8:50:Infinity":3,"f:44:4:44:5":1,"b:45:6:47:Infinity:undefined:undefined:undefined:undefined":1,"s:45:6:47:Infinity":4,"s:46:8:46:Infinity":5,"s:53:8:83:Infinity":6,"f:54:4:54:Infinity":2,"s:55:6:81:Infinity":7,"f:55:15:55:16":3,"s:56:8:80:Infinity":8,"f:57:23:57:24":4,"s:59:14:59:Infinity":9,"b:59:14:59:46:59:46:59:Infinity":2,"s:60:30:62:Infinity":10,"b:61:16:61:Infinity:62:16:62:Infinity":3,"s:63:12:77:Infinity":11,"b:69:28:69:42:69:42:69:Infinity":4,"b:70:27:70:40:70:40:70:Infinity":5,"f:71:26:71:32":5,"s:71:32:71:Infinity":12,"f:72:24:72:30":6,"s:72:30:72:Infinity":13,"b:56:30:56:40:56:40:56:48":6,"s:87:2:105:Infinity":14,"f:98:25:98:26":7,"s:99:14:99:Infinity":15}}}
,"/Users/byronhulcher/scratch/frontend-interview/src/components/table/cells/BoolCell.tsx": {"path":"/Users/byronhulcher/scratch/frontend-interview/src/components/table/cells/BoolCell.tsx","statementMap":{"0":{"start":{"line":12,"column":13},"end":{"line":12,"column":null}},"1":{"start":{"line":30,"column":2},"end":{"line":36,"column":null}},"2":{"start":{"line":38,"column":23},"end":{"line":43,"column":null}},"3":{"start":{"line":39,"column":21},"end":{"line":39,"column":null}},"4":{"start":{"line":40,"column":4},"end":{"line":40,"column":null}},"5":{"start":{"line":41,"column":4},"end":{"line":41,"column":null}},"6":{"start":{"line":42,"column":4},"end":{"line":42,"column":null}},"7":{"start":{"line":45,"column":2},"end":{"line":78,"column":null}}},"fnMap":{"0":{"name":"BoolCellComponent","decl":{"start":{"line":14,"column":9},"end":{"line":14,"column":27}},"loc":{"start":{"line":23,"column":18},"end":{"line":80,"column":null}},"line":23},"1":{"name":"(anonymous_1)","decl":{"start":{"line":38,"column":23},"end":{"line":38,"column":24}},"loc":{"start":{"line":38,"column":68},"end":{"line":43,"column":null}},"line":38}},"branchMap":{"0":{"loc":{"start":{"line":16,"column":2},"end":{"line":16,"column":null}},"type":"default-arg","locations":[{"start":{"line":16,"column":15},"end":{"line":16,"column":null}}],"line":16},"1":{"loc":{"start":{"line":17,"column":2},"end":{"line":17,"column":null}},"type":"default-arg","locations":[{"start":{"line":17,"column":14},"end":{"line":17,"column":null}}],"line":17},"2":{"loc":{"start":{"line":52,"column":7},"end":{"line":76,"column":null}},"type":"cond-expr","locations":[{"start":{"line":53,"column":8},"end":{"line":63,"column":null}},{"start":{"line":65,"column":8},"end":{"line":76,"column":null}}],"line":52},"3":{"loc":{"start":{"line":69,"column":14},"end":{"line":71,"column":null}},"type":"cond-expr","locations":[{"start":{"line":70,"column":18},"end":{"line":70,"column":null}},{"start":{"line":71,"column":18},"end":{"line":71,"column":null}}],"line":69},"4":{"loc":{"start":{"line":74,"column":13},"end":{"line":74,"column":null}},"type":"cond-expr","locations":[{"start":{"line":74,"column":26},"end":{"line":74,"column":37}},{"start":{"line":74,"column":37},"end":{"line":74,"column":null}}],"line":74}},"s":{"0":4,"1":17,"2":17,"3":3,"4":3,"5":3,"6":3,"7":17},"f":{"0":17,"1":3},"b":{"0":[17],"1":[17],"2":[12,5],"3":[4,1],"4":[4,1]},"meta":{"lastBranch":5,"lastFunction":2,"lastStatement":8,"seen":{"s:12:13:12:Infinity":0,"f:14:9:14:27":0,"b:16:15:16:Infinity":0,"b:17:14:17:Infinity":1,"s:30:2:36:Infinity":1,"s:38:23:43:Infinity":2,"f:38:23:38:24":1,"s:39:21:39:Infinity":3,"s:40:4:40:Infinity":4,"s:41:4:41:Infinity":5,"s:42:4:42:Infinity":6,"s:45:2:78:Infinity":7,"b:53:8:63:Infinity:65:8:76:Infinity":2,"b:70:18:70:Infinity:71:18:71:Infinity":3,"b:74:26:74:37:74:37:74:Infinity":4}}}
,"/Users/byronhulcher/scratch/frontend-interview/src/components/table/cells/BoolTableCell.tsx": {"path":"/Users/byronhulcher/scratch/frontend-interview/src/components/table/cells/BoolTableCell.tsx","statementMap":{"0":{"start":{"line":22,"column":34},"end":{"line":22,"column":null}},"1":{"start":{"line":23,"column":8},"end":{"line":23,"column":null}},"2":{"start":{"line":24,"column":24},"end":{"line":24,"column":null}},"3":{"start":{"line":26,"column":2},"end":{"line":30,"column":null}},"4":{"start":{"line":27,"column":4},"end":{"line":29,"column":null}},"5":{"start":{"line":28,"column":6},"end":{"line":28,"column":null}},"6":{"start":{"line":32,"column":23},"end":{"line":37,"column":null}},"7":{"start":{"line":33,"column":21},"end":{"line":33,"column":null}},"8":{"start":{"line":34,"column":4},"end":{"line":34,"column":null}},"9":{"start":{"line":35,"column":4},"end":{"line":35,"column":null}},"10":{"start":{"line":36,"column":4},"end":{"line":36,"column":null}},"11":{"start":{"line":39,"column":2},"end":{"line":72,"column":null}},"12":{"start":{"line":51,"column":24},"end":{"line":51,"column":null}}},"fnMap":{"0":{"name":"BoolTableCell","decl":{"start":{"line":12,"column":16},"end":{"line":12,"column":30}},"loc":{"start":{"line":21,"column":23},"end":{"line":74,"column":null}},"line":21},"1":{"name":"(anonymous_1)","decl":{"start":{"line":26,"column":12},"end":{"line":26,"column":18}},"loc":{"start":{"line":26,"column":18},"end":{"line":30,"column":5}},"line":26},"2":{"name":"(anonymous_2)","decl":{"start":{"line":32,"column":23},"end":{"line":32,"column":24}},"loc":{"start":{"line":32,"column":68},"end":{"line":37,"column":null}},"line":32},"3":{"name":"(anonymous_3)","decl":{"start":{"line":51,"column":18},"end":{"line":51,"column":24}},"loc":{"start":{"line":51,"column":24},"end":{"line":51,"column":null}},"line":51}},"branchMap":{"0":{"loc":{"start":{"line":14,"column":2},"end":{"line":14,"column":null}},"type":"default-arg","locations":[{"start":{"line":14,"column":15},"end":{"line":14,"column":null}}],"line":14},"1":{"loc":{"start":{"line":15,"column":2},"end":{"line":15,"column":null}},"type":"default-arg","locations":[{"start":{"line":15,"column":14},"end":{"line":15,"column":null}}],"line":15},"2":{"loc":{"start":{"line":27,"column":4},"end":{"line":29,"column":null}},"type":"if","locations":[{"start":{"line":27,"column":4},"end":{"line":29,"column":null}},{"start":{},"end":{}}],"line":27},"3":{"loc":{"start":{"line":46,"column":7},"end":{"line":70,"column":null}},"type":"cond-expr","locations":[{"start":{"line":47,"column":8},"end":{"line":57,"column":null}},{"start":{"line":59,"column":8},"end":{"line":70,"column":null}}],"line":46},"4":{"loc":{"start":{"line":63,"column":14},"end":{"line":65,"column":null}},"type":"cond-expr","locations":[{"start":{"line":64,"column":18},"end":{"line":64,"column":null}},{"start":{"line":65,"column":18},"end":{"line":65,"column":null}}],"line":63},"5":{"loc":{"start":{"line":68,"column":13},"end":{"line":68,"column":null}},"type":"cond-expr","locations":[{"start":{"line":68,"column":26},"end":{"line":68,"column":37}},{"start":{"line":68,"column":37},"end":{"line":68,"column":null}}],"line":68}},"s":{"0":18,"1":18,"2":18,"3":18,"4":15,"5":10,"6":18,"7":3,"8":3,"9":3,"10":3,"11":18,"12":0},"f":{"0":18,"1":15,"2":3,"3":0},"b":{"0":[18],"1":[18],"2":[10,5],"3":[13,5],"4":[4,1],"5":[4,1]},"meta":{"lastBranch":6,"lastFunction":4,"lastStatement":13,"seen":{"f:12:16:12:30":0,"b:14:15:14:Infinity":0,"b:15:14:15:Infinity":1,"s:22:34:22:Infinity":0,"s:23:8:23:Infinity":1,"s:24:24:24:Infinity":2,"s:26:2:30:Infinity":3,"f:26:12:26:18":1,"b:27:4:29:Infinity:undefined:undefined:undefined:undefined":2,"s:27:4:29:Infinity":4,"s:28:6:28:Infinity":5,"s:32:23:37:Infinity":6,"f:32:23:32:24":2,"s:33:21:33:Infinity":7,"s:34:4:34:Infinity":8,"s:35:4:35:Infinity":9,"s:36:4:36:Infinity":10,"s:39:2:72:Infinity":11,"b:47:8:57:Infinity:59:8:70:Infinity":3,"f:51:18:51:24":3,"s:51:24:51:Infinity":12,"b:64:18:64:Infinity:65:18:65:Infinity":4,"b:68:26:68:37:68:37:68:Infinity":5}}}
,"/Users/byronhulcher/scratch/frontend-interview/src/components/table/cells/CellShell.tsx": {"path":"/Users/byronhulcher/scratch/frontend-interview/src/components/table/cells/CellShell.tsx","statementMap":{"0":{"start":{"line":13,"column":13},"end":{"line":13,"column":null}},"1":{"start":{"line":22,"column":2},"end":{"line":34,"column":null}},"2":{"start":{"line":29,"column":22},"end":{"line":29,"column":null}}},"fnMap":{"0":{"name":"CellShellComponent","decl":{"start":{"line":15,"column":9},"end":{"line":15,"column":28}},"loc":{"start":{"line":21,"column":19},"end":{"line":36,"column":null}},"line":21},"1":{"name":"(anonymous_1)","decl":{"start":{"line":29,"column":15},"end":{"line":29,"column":22}},"loc":{"start":{"line":29,"column":22},"end":{"line":29,"column":null}},"line":29}},"branchMap":{"0":{"loc":{"start":{"line":26,"column":8},"end":{"line":26,"column":null}},"type":"binary-expr","locations":[{"start":{"line":26,"column":8},"end":{"line":26,"column":22}},{"start":{"line":26,"column":22},"end":{"line":26,"column":36}},{"start":{"line":26,"column":36},"end":{"line":26,"column":null}}],"line":26},"1":{"loc":{"start":{"line":27,"column":8},"end":{"line":27,"column":null}},"type":"binary-expr","locations":[{"start":{"line":27,"column":8},"end":{"line":27,"column":21}},{"start":{"line":27,"column":21},"end":{"line":27,"column":null}}],"line":27},"2":{"loc":{"start":{"line":29,"column":22},"end":{"line":29,"column":null}},"type":"cond-expr","locations":[{"start":{"line":29,"column":35},"end":{"line":29,"column":48}},{"start":{"line":29,"column":48},"end":{"line":29,"column":null}}],"line":29}},"s":{"0":10,"1":1198,"2":42},"f":{"0":1198,"1":42},"b":{"0":[1198,217,56],"1":[1198,161],"2":[34,8]},"meta":{"lastBranch":3,"lastFunction":2,"lastStatement":3,"seen":{"s:13:13:13:Infinity":0,"f:15:9:15:28":0,"s:22:2:34:Infinity":1,"b:26:8:26:22:26:22:26:36:26:36:26:Infinity":0,"b:27:8:27:21:27:21:27:Infinity":1,"f:29:15:29:22":1,"s:29:22:29:Infinity":2,"b:29:35:29:48:29:48:29:Infinity":2}}}
,"/Users/byronhulcher/scratch/frontend-interview/src/components/table/cells/DataTableCell.tsx": {"path":"/Users/byronhulcher/scratch/frontend-interview/src/components/table/cells/DataTableCell.tsx","statementMap":{"0":{"start":{"line":17,"column":13},"end":{"line":17,"column":null}},"1":{"start":{"line":27,"column":16},"end":{"line":27,"column":null}},"2":{"start":{"line":29,"column":2},"end":{"line":60,"column":null}},"3":{"start":{"line":31,"column":6},"end":{"line":32,"column":null}},"4":{"start":{"line":35,"column":6},"end":{"line":36,"column":null}},"5":{"start":{"line":39,"column":6},"end":{"line":45,"column":null}},"6":{"start":{"line":48,"column":20},"end":{"line":48,"column":null}},"7":{"start":{"line":49,"column":23},"end":{"line":51,"column":null}},"8":{"start":{"line":52,"column":6},"end":{"line":57,"column":null}}},"fnMap":{"0":{"name":"DataTableCellComponent","decl":{"start":{"line":19,"column":9},"end":{"line":19,"column":32}},"loc":{"start":{"line":26,"column":23},"end":{"line":61,"column":null}},"line":26}},"branchMap":{"0":{"loc":{"start":{"line":24,"column":2},"end":{"line":24,"column":null}},"type":"default-arg","locations":[{"start":{"line":24,"column":13},"end":{"line":24,"column":null}}],"line":24},"1":{"loc":{"start":{"line":27,"column":16},"end":{"line":27,"column":null}},"type":"cond-expr","locations":[{"start":{"line":27,"column":34},"end":{"line":27,"column":57}},{"start":{"line":27,"column":57},"end":{"line":27,"column":null}}],"line":27},"2":{"loc":{"start":{"line":29,"column":2},"end":{"line":60,"column":null}},"type":"switch","locations":[{"start":{"line":30,"column":4},"end":{"line":32,"column":null}},{"start":{"line":34,"column":4},"end":{"line":36,"column":null}},{"start":{"line":38,"column":4},"end":{"line":45,"column":null}},{"start":{"line":47,"column":4},"end":{"line":59,"column":null}}],"line":29},"3":{"loc":{"start":{"line":48,"column":27},"end":{"line":48,"column":45}},"type":"binary-expr","locations":[{"start":{"line":48,"column":27},"end":{"line":48,"column":37}},{"start":{"line":48,"column":37},"end":{"line":48,"column":45}}],"line":48},"4":{"loc":{"start":{"line":49,"column":23},"end":{"line":51,"column":null}},"type":"cond-expr","locations":[{"start":{"line":50,"column":10},"end":{"line":50,"column":null}},{"start":{"line":51,"column":10},"end":{"line":51,"column":null}}],"line":49}},"s":{"0":5,"1":1854,"2":1854,"3":165,"4":674,"5":503,"6":512,"7":512,"8":512},"f":{"0":1854},"b":{"0":[1854],"1":[1,1853],"2":[165,674,503,512],"3":[512,1],"4":[181,331]},"meta":{"lastBranch":5,"lastFunction":1,"lastStatement":9,"seen":{"s:17:13:17:Infinity":0,"f:19:9:19:32":0,"b:24:13:24:Infinity":0,"s:27:16:27:Infinity":1,"b:27:34:27:57:27:57:27:Infinity":1,"b:30:4:32:Infinity:34:4:36:Infinity:38:4:45:Infinity:47:4:59:Infinity":2,"s:29:2:60:Infinity":2,"s:31:6:32:Infinity":3,"s:35:6:36:Infinity":4,"s:39:6:45:Infinity":5,"s:48:20:48:Infinity":6,"b:48:27:48:37:48:37:48:45":3,"s:49:23:51:Infinity":7,"b:50:10:50:Infinity:51:10:51:Infinity":4,"s:52:6:57:Infinity":8}}}
,"/Users/byronhulcher/scratch/frontend-interview/src/components/table/cells/NumberCell.tsx": {"path":"/Users/byronhulcher/scratch/frontend-interview/src/components/table/cells/NumberCell.tsx","statementMap":{"0":{"start":{"line":12,"column":13},"end":{"line":12,"column":null}},"1":{"start":{"line":25,"column":76},"end":{"line":32,"column":null}},"2":{"start":{"line":34,"column":22},"end":{"line":48,"column":null}},"3":{"start":{"line":35,"column":4},"end":{"line":47,"column":null}},"4":{"start":{"line":37,"column":8},"end":{"line":40,"column":null}},"5":{"start":{"line":42,"column":8},"end":{"line":42,"column":null}},"6":{"start":{"line":44,"column":8},"end":{"line":44,"column":null}},"7":{"start":{"line":46,"column":8},"end":{"line":46,"column":null}},"8":{"start":{"line":50,"column":2},"end":{"line":70,"column":null}},"9":{"start":{"line":62,"column":27},"end":{"line":62,"column":null}}},"fnMap":{"0":{"name":"NumberCellComponent","decl":{"start":{"line":14,"column":9},"end":{"line":14,"column":29}},"loc":{"start":{"line":24,"column":20},"end":{"line":72,"column":null}},"line":24},"1":{"name":"(anonymous_1)","decl":{"start":{"line":34,"column":22},"end":{"line":34,"column":23}},"loc":{"start":{"line":34,"column":37},"end":{"line":48,"column":null}},"line":34},"2":{"name":"(anonymous_2)","decl":{"start":{"line":62,"column":20},"end":{"line":62,"column":21}},"loc":{"start":{"line":62,"column":27},"end":{"line":62,"column":null}},"line":62}},"branchMap":{"0":{"loc":{"start":{"line":17,"column":2},"end":{"line":17,"column":null}},"type":"default-arg","locations":[{"start":{"line":17,"column":15},"end":{"line":17,"column":null}}],"line":17},"1":{"loc":{"start":{"line":18,"column":2},"end":{"line":18,"column":null}},"type":"default-arg","locations":[{"start":{"line":18,"column":14},"end":{"line":18,"column":null}}],"line":18},"2":{"loc":{"start":{"line":35,"column":4},"end":{"line":47,"column":null}},"type":"switch","locations":[{"start":{"line":36,"column":6},"end":{"line":40,"column":null}},{"start":{"line":41,"column":6},"end":{"line":42,"column":null}},{"start":{"line":43,"column":6},"end":{"line":44,"column":null}},{"start":{"line":45,"column":6},"end":{"line":46,"column":null}}],"line":35},"3":{"loc":{"start":{"line":57,"column":7},"end":{"line":68,"column":null}},"type":"cond-expr","locations":[{"start":{"line":58,"column":8},"end":{"line":66,"column":null}},{"start":{"line":68,"column":8},"end":{"line":68,"column":null}}],"line":57}},"s":{"0":4,"1":519,"2":519,"3":507,"4":501,"5":1,"6":1,"7":4,"8":519,"9":4},"f":{"0":519,"1":507,"2":4},"b":{"0":[519],"1":[519],"2":[501,1,1,4],"3":[12,507]},"meta":{"lastBranch":4,"lastFunction":3,"lastStatement":10,"seen":{"s:12:13:12:Infinity":0,"f:14:9:14:29":0,"b:17:15:17:Infinity":0,"b:18:14:18:Infinity":1,"s:25:76:32:Infinity":1,"s:34:22:48:Infinity":2,"f:34:22:34:23":1,"b:36:6:40:Infinity:41:6:42:Infinity:43:6:44:Infinity:45:6:46:Infinity":2,"s:35:4:47:Infinity":3,"s:37:8:40:Infinity":4,"s:42:8:42:Infinity":5,"s:44:8:44:Infinity":6,"s:46:8:46:Infinity":7,"s:50:2:70:Infinity":8,"b:58:8:66:Infinity:68:8:68:Infinity":3,"f:62:20:62:21":2,"s:62:27:62:Infinity":9}}}
,"/Users/byronhulcher/scratch/frontend-interview/src/components/table/cells/NumberTableCell.tsx": {"path":"/Users/byronhulcher/scratch/frontend-interview/src/components/table/cells/NumberTableCell.tsx","statementMap":{"0":{"start":{"line":22,"column":76},"end":{"line":29,"column":null}},"1":{"start":{"line":31,"column":22},"end":{"line":45,"column":null}},"2":{"start":{"line":32,"column":4},"end":{"line":44,"column":null}},"3":{"start":{"line":34,"column":8},"end":{"line":37,"column":null}},"4":{"start":{"line":39,"column":8},"end":{"line":39,"column":null}},"5":{"start":{"line":41,"column":8},"end":{"line":41,"column":null}},"6":{"start":{"line":43,"column":8},"end":{"line":43,"column":null}},"7":{"start":{"line":47,"column":2},"end":{"line":67,"column":null}},"8":{"start":{"line":59,"column":27},"end":{"line":59,"column":null}}},"fnMap":{"0":{"name":"NumberTableCell","decl":{"start":{"line":11,"column":16},"end":{"line":11,"column":32}},"loc":{"start":{"line":21,"column":25},"end":{"line":69,"column":null}},"line":21},"1":{"name":"(anonymous_1)","decl":{"start":{"line":31,"column":22},"end":{"line":31,"column":23}},"loc":{"start":{"line":31,"column":37},"end":{"line":45,"column":null}},"line":31},"2":{"name":"(anonymous_2)","decl":{"start":{"line":59,"column":20},"end":{"line":59,"column":21}},"loc":{"start":{"line":59,"column":27},"end":{"line":59,"column":null}},"line":59}},"branchMap":{"0":{"loc":{"start":{"line":14,"column":2},"end":{"line":14,"column":null}},"type":"default-arg","locations":[{"start":{"line":14,"column":15},"end":{"line":14,"column":null}}],"line":14},"1":{"loc":{"start":{"line":15,"column":2},"end":{"line":15,"column":null}},"type":"default-arg","locations":[{"start":{"line":15,"column":14},"end":{"line":15,"column":null}}],"line":15},"2":{"loc":{"start":{"line":32,"column":4},"end":{"line":44,"column":null}},"type":"switch","locations":[{"start":{"line":33,"column":6},"end":{"line":37,"column":null}},{"start":{"line":38,"column":6},"end":{"line":39,"column":null}},{"start":{"line":40,"column":6},"end":{"line":41,"column":null}},{"start":{"line":42,"column":6},"end":{"line":43,"column":null}}],"line":32},"3":{"loc":{"start":{"line":54,"column":7},"end":{"line":65,"column":null}},"type":"cond-expr","locations":[{"start":{"line":55,"column":8},"end":{"line":63,"column":null}},{"start":{"line":65,"column":8},"end":{"line":65,"column":null}}],"line":54}},"s":{"0":19,"1":19,"2":7,"3":1,"4":1,"5":1,"6":4,"7":19,"8":4},"f":{"0":19,"1":7,"2":4},"b":{"0":[19],"1":[19],"2":[1,1,1,4],"3":[12,7]},"meta":{"lastBranch":4,"lastFunction":3,"lastStatement":9,"seen":{"f:11:16:11:32":0,"b:14:15:14:Infinity":0,"b:15:14:15:Infinity":1,"s:22:76:29:Infinity":0,"s:31:22:45:Infinity":1,"f:31:22:31:23":1,"b:33:6:37:Infinity:38:6:39:Infinity:40:6:41:Infinity:42:6:43:Infinity":2,"s:32:4:44:Infinity":2,"s:34:8:37:Infinity":3,"s:39:8:39:Infinity":4,"s:41:8:41:Infinity":5,"s:43:8:43:Infinity":6,"s:47:2:67:Infinity":7,"b:55:8:63:Infinity:65:8:65:Infinity":3,"f:59:20:59:21":2,"s:59:27:59:Infinity":8}}}
,"/Users/byronhulcher/scratch/frontend-interview/src/components/table/cells/PopperCell.tsx": {"path":"/Users/byronhulcher/scratch/frontend-interview/src/components/table/cells/PopperCell.tsx","statementMap":{"0":{"start":{"line":18,"column":42},"end":{"line":22,"column":null}},"1":{"start":{"line":25,"column":2},"end":{"line":29,"column":null}},"2":{"start":{"line":25,"column":46},"end":{"line":29,"column":4}},"3":{"start":{"line":37,"column":13},"end":{"line":37,"column":null}},"4":{"start":{"line":49,"column":22},"end":{"line":49,"column":null}},"5":{"start":{"line":50,"column":34},"end":{"line":50,"column":null}},"6":{"start":{"line":51,"column":8},"end":{"line":51,"column":null}},"7":{"start":{"line":52,"column":24},"end":{"line":52,"column":null}},"8":{"start":{"line":53,"column":27},"end":{"line":53,"column":null}},"9":{"start":{"line":57,"column":2},"end":{"line":61,"column":null}},"10":{"start":{"line":58,"column":4},"end":{"line":60,"column":null}},"11":{"start":{"line":59,"column":6},"end":{"line":59,"column":null}},"12":{"start":{"line":63,"column":27},"end":{"line":77,"column":null}},"13":{"start":{"line":64,"column":4},"end":{"line":70,"column":null}},"14":{"start":{"line":66,"column":21},"end":{"line":66,"column":null}},"15":{"start":{"line":67,"column":19},"end":{"line":67,"column":null}},"16":{"start":{"line":68,"column":6},"end":{"line":68,"column":null}},"17":{"start":{"line":68,"column":31},"end":{"line":68,"column":null}},"18":{"start":{"line":69,"column":6},"end":{"line":69,"column":null}},"19":{"start":{"line":71,"column":4},"end":{"line":71,"column":null}},"20":{"start":{"line":74,"column":4},"end":{"line":76,"column":null}},"21":{"start":{"line":75,"column":6},"end":{"line":75,"column":null}},"22":{"start":{"line":79,"column":33},"end":{"line":92,"column":null}},"23":{"start":{"line":84,"column":4},"end":{"line":91,"column":null}},"24":{"start":{"line":85,"column":6},"end":{"line":85,"column":null}},"25":{"start":{"line":85,"column":17},"end":{"line":85,"column":null}},"26":{"start":{"line":86,"column":22},"end":{"line":88,"column":null}},"27":{"start":{"line":87,"column":8},"end":{"line":87,"column":null}},"28":{"start":{"line":89,"column":6},"end":{"line":89,"column":null}},"29":{"start":{"line":89,"column":20},"end":{"line":89,"column":null}},"30":{"start":{"line":90,"column":6},"end":{"line":90,"column":null}},"31":{"start":{"line":94,"column":2},"end":{"line":145,"column":null}},"32":{"start":{"line":107,"column":8},"end":{"line":115,"column":null}},"33":{"start":{"line":108,"column":10},"end":{"line":108,"column":null}},"34":{"start":{"line":109,"column":10},"end":{"line":109,"column":null}},"35":{"start":{"line":110,"column":10},"end":{"line":114,"column":null}},"36":{"start":{"line":111,"column":12},"end":{"line":111,"column":null}},"37":{"start":{"line":113,"column":12},"end":{"line":113,"column":null}}},"fnMap":{"0":{"name":"generateData","decl":{"start":{"line":24,"column":9},"end":{"line":24,"column":37}},"loc":{"start":{"line":24,"column":37},"end":{"line":30,"column":null}},"line":24},"1":{"name":"(anonymous_1)","decl":{"start":{"line":25,"column":35},"end":{"line":25,"column":36}},"loc":{"start":{"line":25,"column":46},"end":{"line":29,"column":4}},"line":25},"2":{"name":"PopperCellComponent","decl":{"start":{"line":39,"column":9},"end":{"line":39,"column":29}},"loc":{"start":{"line":48,"column":20},"end":{"line":147,"column":null}},"line":48},"3":{"name":"(anonymous_3)","decl":{"start":{"line":57,"column":12},"end":{"line":57,"column":18}},"loc":{"start":{"line":57,"column":18},"end":{"line":61,"column":5}},"line":57},"4":{"name":"(anonymous_4)","decl":{"start":{"line":63,"column":27},"end":{"line":63,"column":28}},"loc":{"start":{"line":63,"column":50},"end":{"line":77,"column":null}},"line":63},"5":{"name":"(anonymous_5)","decl":{"start":{"line":79,"column":33},"end":{"line":79,"column":null}},"loc":{"start":{"line":83,"column":7},"end":{"line":92,"column":null}},"line":83},"6":{"name":"(anonymous_6)","decl":{"start":{"line":84,"column":18},"end":{"line":84,"column":19}},"loc":{"start":{"line":84,"column":28},"end":{"line":91,"column":5}},"line":84},"7":{"name":"(anonymous_7)","decl":{"start":{"line":86,"column":31},"end":{"line":86,"column":32}},"loc":{"start":{"line":87,"column":8},"end":{"line":87,"column":null}},"line":87},"8":{"name":"(anonymous_8)","decl":{"start":{"line":106,"column":22},"end":{"line":106,"column":23}},"loc":{"start":{"line":106,"column":29},"end":{"line":116,"column":null}},"line":106}},"branchMap":{"0":{"loc":{"start":{"line":40,"column":2},"end":{"line":40,"column":null}},"type":"default-arg","locations":[{"start":{"line":40,"column":16},"end":{"line":40,"column":null}}],"line":40},"1":{"loc":{"start":{"line":41,"column":2},"end":{"line":41,"column":null}},"type":"default-arg","locations":[{"start":{"line":41,"column":15},"end":{"line":41,"column":null}}],"line":41},"2":{"loc":{"start":{"line":42,"column":2},"end":{"line":42,"column":null}},"type":"default-arg","locations":[{"start":{"line":42,"column":14},"end":{"line":42,"column":null}}],"line":42},"3":{"loc":{"start":{"line":58,"column":4},"end":{"line":60,"column":null}},"type":"if","locations":[{"start":{"line":58,"column":4},"end":{"line":60,"column":null}},{"start":{},"end":{}}],"line":58},"4":{"loc":{"start":{"line":58,"column":8},"end":{"line":58,"column":28}},"type":"binary-expr","locations":[{"start":{"line":58,"column":8},"end":{"line":58,"column":21}},{"start":{"line":58,"column":21},"end":{"line":58,"column":28}}],"line":58},"5":{"loc":{"start":{"line":64,"column":4},"end":{"line":70,"column":null}},"type":"if","locations":[{"start":{"line":64,"column":4},"end":{"line":70,"column":null}},{"start":{},"end":{}}],"line":64},"6":{"loc":{"start":{"line":64,"column":8},"end":{"line":64,"column":41}},"type":"binary-expr","locations":[{"start":{"line":64,"column":8},"end":{"line":64,"column":20}},{"start":{"line":64,"column":20},"end":{"line":64,"column":41}}],"line":64},"7":{"loc":{"start":{"line":66,"column":21},"end":{"line":66,"column":null}},"type":"cond-expr","locations":[{"start":{"line":66,"column":32},"end":{"line":66,"column":52}},{"start":{"line":66,"column":52},"end":{"line":66,"column":null}}],"line":66},"8":{"loc":{"start":{"line":67,"column":19},"end":{"line":67,"column":null}},"type":"binary-expr","locations":[{"start":{"line":67,"column":19},"end":{"line":67,"column":29}},{"start":{"line":67,"column":29},"end":{"line":67,"column":null}}],"line":67},"9":{"loc":{"start":{"line":68,"column":6},"end":{"line":68,"column":null}},"type":"if","locations":[{"start":{"line":68,"column":6},"end":{"line":68,"column":null}},{"start":{},"end":{}}],"line":68},"10":{"loc":{"start":{"line":68,"column":10},"end":{"line":68,"column":31}},"type":"binary-expr","locations":[{"start":{"line":68,"column":10},"end":{"line":68,"column":21}},{"start":{"line":68,"column":21},"end":{"line":68,"column":31}}],"line":68},"11":{"loc":{"start":{"line":74,"column":4},"end":{"line":76,"column":null}},"type":"if","locations":[{"start":{"line":74,"column":4},"end":{"line":76,"column":null}},{"start":{},"end":{}}],"line":74},"12":{"loc":{"start":{"line":85,"column":6},"end":{"line":85,"column":null}},"type":"if","locations":[{"start":{"line":85,"column":6},"end":{"line":85,"column":null}},{"start":{},"end":{}}],"line":85},"13":{"loc":{"start":{"line":87,"column":8},"end":{"line":87,"column":null}},"type":"cond-expr","locations":[{"start":{"line":87,"column":25},"end":{"line":87,"column":50}},{"start":{"line":87,"column":50},"end":{"line":87,"column":null}}],"line":87},"14":{"loc":{"start":{"line":89,"column":6},"end":{"line":89,"column":null}},"type":"if","locations":[{"start":{"line":89,"column":6},"end":{"line":89,"column":null}},{"start":{},"end":{}}],"line":89},"15":{"loc":{"start":{"line":98,"column":8},"end":{"line":101,"column":null}},"type":"binary-expr","locations":[{"start":{"line":98,"column":8},"end":{"line":98,"column":null}},{"start":{"line":99,"column":10},"end":{"line":99,"column":null}},{"start":{"line":100,"column":10},"end":{"line":100,"column":null}},{"start":{"line":101,"column":10},"end":{"line":101,"column":null}}],"line":98},"16":{"loc":{"start":{"line":101,"column":10},"end":{"line":102,"column":null}},"type":"binary-expr","locations":[{"start":{"line":102,"column":9},"end":{"line":102,"column":22}},{"start":{"line":102,"column":22},"end":{"line":102,"column":31}},{"start":{"line":102,"column":31},"end":{"line":102,"column":null}}],"line":101},"17":{"loc":{"start":{"line":107,"column":8},"end":{"line":115,"column":null}},"type":"if","locations":[{"start":{"line":107,"column":8},"end":{"line":115,"column":null}},{"start":{},"end":{}}],"line":107},"18":{"loc":{"start":{"line":110,"column":10},"end":{"line":114,"column":null}},"type":"if","locations":[{"start":{"line":110,"column":10},"end":{"line":114,"column":null}},{"start":{"line":112,"column":17},"end":{"line":114,"column":null}}],"line":110},"19":{"loc":{"start":{"line":126,"column":22},"end":{"line":126,"column":null}},"type":"cond-expr","locations":[{"start":{"line":126,"column":34},"end":{"line":126,"column":38}},{"start":{"line":126,"column":38},"end":{"line":126,"column":null}}],"line":126},"20":{"loc":{"start":{"line":133,"column":11},"end":{"line":141,"column":null}},"type":"cond-expr","locations":[{"start":{"line":134,"column":12},"end":{"line":134,"column":null}},{"start":{"line":136,"column":12},"end":{"line":141,"column":null}}],"line":133}},"s":{"0":3,"1":13,"2":65,"3":3,"4":549,"5":549,"6":549,"7":549,"8":549,"9":549,"10":210,"11":24,"12":549,"13":28,"14":15,"15":15,"16":15,"17":3,"18":15,"19":28,"20":28,"21":10,"22":549,"23":10,"24":10,"25":0,"26":10,"27":50,"28":10,"29":6,"30":10,"31":549,"32":58,"33":12,"34":12,"35":12,"36":6,"37":6},"f":{"0":13,"1":65,"2":549,"3":210,"4":28,"5":10,"6":10,"7":50,"8":58},"b":{"0":[549],"1":[549],"2":[549],"3":[24,186],"4":[210,42],"5":[15,13],"6":[28,18],"7":[5,10],"8":[15,13],"9":[3,12],"10":[15,13],"11":[10,18],"12":[0,10],"13":[10,40],"14":[6,4],"15":[549,55,10,10],"16":[549,504,45],"17":[12,46],"18":[6,6],"19":[45,504],"20":[518,31]},"meta":{"lastBranch":21,"lastFunction":9,"lastStatement":38,"seen":{"s:18:42:22:Infinity":0,"f:24:9:24:37":0,"s:25:2:29:Infinity":1,"f:25:35:25:36":1,"s:25:46:29:4":2,"s:37:13:37:Infinity":3,"f:39:9:39:29":2,"b:40:16:40:Infinity":0,"b:41:15:41:Infinity":1,"b:42:14:42:Infinity":2,"s:49:22:49:Infinity":4,"s:50:34:50:Infinity":5,"s:51:8:51:Infinity":6,"s:52:24:52:Infinity":7,"s:53:27:53:Infinity":8,"s:57:2:61:Infinity":9,"f:57:12:57:18":3,"b:58:4:60:Infinity:undefined:undefined:undefined:undefined":3,"s:58:4:60:Infinity":10,"b:58:8:58:21:58:21:58:28":4,"s:59:6:59:Infinity":11,"s:63:27:77:Infinity":12,"f:63:27:63:28":4,"b:64:4:70:Infinity:undefined:undefined:undefined:undefined":5,"s:64:4:70:Infinity":13,"b:64:8:64:20:64:20:64:41":6,"s:66:21:66:Infinity":14,"b:66:32:66:52:66:52:66:Infinity":7,"s:67:19:67:Infinity":15,"b:67:19:67:29:67:29:67:Infinity":8,"b:68:6:68:Infinity:undefined:undefined:undefined:undefined":9,"s:68:6:68:Infinity":16,"b:68:10:68:21:68:21:68:31":10,"s:68:31:68:Infinity":17,"s:69:6:69:Infinity":18,"s:71:4:71:Infinity":19,"b:74:4:76:Infinity:undefined:undefined:undefined:undefined":11,"s:74:4:76:Infinity":20,"s:75:6:75:Infinity":21,"s:79:33:92:Infinity":22,"f:79:33:79:Infinity":5,"s:84:4:91:Infinity":23,"f:84:18:84:19":6,"b:85:6:85:Infinity:undefined:undefined:undefined:undefined":12,"s:85:6:85:Infinity":24,"s:85:17:85:Infinity":25,"s:86:22:88:Infinity":26,"f:86:31:86:32":7,"s:87:8:87:Infinity":27,"b:87:25:87:50:87:50:87:Infinity":13,"b:89:6:89:Infinity:undefined:undefined:undefined:undefined":14,"s:89:6:89:Infinity":28,"s:89:20:89:Infinity":29,"s:90:6:90:Infinity":30,"s:94:2:145:Infinity":31,"b:98:8:98:Infinity:99:10:99:Infinity:100:10:100:Infinity:101:10:101:Infinity":15,"b:102:9:102:22:102:22:102:31:102:31:102:Infinity":16,"f:106:22:106:23":8,"b:107:8:115:Infinity:undefined:undefined:undefined:undefined":17,"s:107:8:115:Infinity":32,"s:108:10:108:Infinity":33,"s:109:10:109:Infinity":34,"b:110:10:114:Infinity:112:17:114:Infinity":18,"s:110:10:114:Infinity":35,"s:111:12:111:Infinity":36,"s:113:12:113:Infinity":37,"b:126:34:126:38:126:38:126:Infinity":19,"b:134:12:134:Infinity:136:12:141:Infinity":20}}}
,"/Users/byronhulcher/scratch/frontend-interview/src/components/table/cells/PopperTableCell.tsx": {"path":"/Users/byronhulcher/scratch/frontend-interview/src/components/table/cells/PopperTableCell.tsx","statementMap":{"0":{"start":{"line":18,"column":42},"end":{"line":22,"column":null}},"1":{"start":{"line":25,"column":2},"end":{"line":29,"column":null}},"2":{"start":{"line":25,"column":46},"end":{"line":29,"column":4}},"3":{"start":{"line":47,"column":22},"end":{"line":47,"column":null}},"4":{"start":{"line":48,"column":34},"end":{"line":48,"column":null}},"5":{"start":{"line":49,"column":8},"end":{"line":49,"column":null}},"6":{"start":{"line":50,"column":24},"end":{"line":50,"column":null}},"7":{"start":{"line":51,"column":27},"end":{"line":51,"column":null}},"8":{"start":{"line":55,"column":2},"end":{"line":59,"column":null}},"9":{"start":{"line":56,"column":4},"end":{"line":58,"column":null}},"10":{"start":{"line":57,"column":6},"end":{"line":57,"column":null}},"11":{"start":{"line":61,"column":27},"end":{"line":75,"column":null}},"12":{"start":{"line":62,"column":4},"end":{"line":68,"column":null}},"13":{"start":{"line":64,"column":21},"end":{"line":64,"column":null}},"14":{"start":{"line":65,"column":19},"end":{"line":65,"column":null}},"15":{"start":{"line":66,"column":6},"end":{"line":66,"column":null}},"16":{"start":{"line":66,"column":31},"end":{"line":66,"column":null}},"17":{"start":{"line":67,"column":6},"end":{"line":67,"column":null}},"18":{"start":{"line":69,"column":4},"end":{"line":69,"column":null}},"19":{"start":{"line":72,"column":4},"end":{"line":74,"column":null}},"20":{"start":{"line":73,"column":6},"end":{"line":73,"column":null}},"21":{"start":{"line":77,"column":33},"end":{"line":90,"column":null}},"22":{"start":{"line":82,"column":4},"end":{"line":89,"column":null}},"23":{"start":{"line":83,"column":6},"end":{"line":83,"column":null}},"24":{"start":{"line":83,"column":17},"end":{"line":83,"column":null}},"25":{"start":{"line":84,"column":22},"end":{"line":86,"column":null}},"26":{"start":{"line":85,"column":8},"end":{"line":85,"column":null}},"27":{"start":{"line":87,"column":6},"end":{"line":87,"column":null}},"28":{"start":{"line":87,"column":20},"end":{"line":87,"column":null}},"29":{"start":{"line":88,"column":6},"end":{"line":88,"column":null}},"30":{"start":{"line":92,"column":2},"end":{"line":143,"column":null}},"31":{"start":{"line":105,"column":8},"end":{"line":113,"column":null}},"32":{"start":{"line":106,"column":10},"end":{"line":106,"column":null}},"33":{"start":{"line":107,"column":10},"end":{"line":107,"column":null}},"34":{"start":{"line":108,"column":10},"end":{"line":112,"column":null}},"35":{"start":{"line":109,"column":12},"end":{"line":109,"column":null}},"36":{"start":{"line":111,"column":12},"end":{"line":111,"column":null}}},"fnMap":{"0":{"name":"generateData","decl":{"start":{"line":24,"column":9},"end":{"line":24,"column":37}},"loc":{"start":{"line":24,"column":37},"end":{"line":30,"column":null}},"line":24},"1":{"name":"(anonymous_1)","decl":{"start":{"line":25,"column":35},"end":{"line":25,"column":36}},"loc":{"start":{"line":25,"column":46},"end":{"line":29,"column":4}},"line":25},"2":{"name":"PopperTableCell","decl":{"start":{"line":37,"column":16},"end":{"line":37,"column":32}},"loc":{"start":{"line":46,"column":25},"end":{"line":145,"column":null}},"line":46},"3":{"name":"(anonymous_3)","decl":{"start":{"line":55,"column":12},"end":{"line":55,"column":18}},"loc":{"start":{"line":55,"column":18},"end":{"line":59,"column":5}},"line":55},"4":{"name":"(anonymous_4)","decl":{"start":{"line":61,"column":27},"end":{"line":61,"column":28}},"loc":{"start":{"line":61,"column":50},"end":{"line":75,"column":null}},"line":61},"5":{"name":"(anonymous_5)","decl":{"start":{"line":77,"column":33},"end":{"line":77,"column":null}},"loc":{"start":{"line":81,"column":7},"end":{"line":90,"column":null}},"line":81},"6":{"name":"(anonymous_6)","decl":{"start":{"line":82,"column":18},"end":{"line":82,"column":19}},"loc":{"start":{"line":82,"column":28},"end":{"line":89,"column":5}},"line":82},"7":{"name":"(anonymous_7)","decl":{"start":{"line":84,"column":31},"end":{"line":84,"column":32}},"loc":{"start":{"line":85,"column":8},"end":{"line":85,"column":null}},"line":85},"8":{"name":"(anonymous_8)","decl":{"start":{"line":104,"column":22},"end":{"line":104,"column":23}},"loc":{"start":{"line":104,"column":29},"end":{"line":114,"column":null}},"line":104}},"branchMap":{"0":{"loc":{"start":{"line":38,"column":2},"end":{"line":38,"column":null}},"type":"default-arg","locations":[{"start":{"line":38,"column":16},"end":{"line":38,"column":null}}],"line":38},"1":{"loc":{"start":{"line":39,"column":2},"end":{"line":39,"column":null}},"type":"default-arg","locations":[{"start":{"line":39,"column":15},"end":{"line":39,"column":null}}],"line":39},"2":{"loc":{"start":{"line":40,"column":2},"end":{"line":40,"column":null}},"type":"default-arg","locations":[{"start":{"line":40,"column":14},"end":{"line":40,"column":null}}],"line":40},"3":{"loc":{"start":{"line":56,"column":4},"end":{"line":58,"column":null}},"type":"if","locations":[{"start":{"line":56,"column":4},"end":{"line":58,"column":null}},{"start":{},"end":{}}],"line":56},"4":{"loc":{"start":{"line":56,"column":8},"end":{"line":56,"column":28}},"type":"binary-expr","locations":[{"start":{"line":56,"column":8},"end":{"line":56,"column":21}},{"start":{"line":56,"column":21},"end":{"line":56,"column":28}}],"line":56},"5":{"loc":{"start":{"line":62,"column":4},"end":{"line":68,"column":null}},"type":"if","locations":[{"start":{"line":62,"column":4},"end":{"line":68,"column":null}},{"start":{},"end":{}}],"line":62},"6":{"loc":{"start":{"line":62,"column":8},"end":{"line":62,"column":41}},"type":"binary-expr","locations":[{"start":{"line":62,"column":8},"end":{"line":62,"column":20}},{"start":{"line":62,"column":20},"end":{"line":62,"column":41}}],"line":62},"7":{"loc":{"start":{"line":64,"column":21},"end":{"line":64,"column":null}},"type":"cond-expr","locations":[{"start":{"line":64,"column":32},"end":{"line":64,"column":52}},{"start":{"line":64,"column":52},"end":{"line":64,"column":null}}],"line":64},"8":{"loc":{"start":{"line":65,"column":19},"end":{"line":65,"column":null}},"type":"binary-expr","locations":[{"start":{"line":65,"column":19},"end":{"line":65,"column":29}},{"start":{"line":65,"column":29},"end":{"line":65,"column":null}}],"line":65},"9":{"loc":{"start":{"line":66,"column":6},"end":{"line":66,"column":null}},"type":"if","locations":[{"start":{"line":66,"column":6},"end":{"line":66,"column":null}},{"start":{},"end":{}}],"line":66},"10":{"loc":{"start":{"line":66,"column":10},"end":{"line":66,"column":31}},"type":"binary-expr","locations":[{"start":{"line":66,"column":10},"end":{"line":66,"column":21}},{"start":{"line":66,"column":21},"end":{"line":66,"column":31}}],"line":66},"11":{"loc":{"start":{"line":72,"column":4},"end":{"line":74,"column":null}},"type":"if","locations":[{"start":{"line":72,"column":4},"end":{"line":74,"column":null}},{"start":{},"end":{}}],"line":72},"12":{"loc":{"start":{"line":83,"column":6},"end":{"line":83,"column":null}},"type":"if","locations":[{"start":{"line":83,"column":6},"end":{"line":83,"column":null}},{"start":{},"end":{}}],"line":83},"13":{"loc":{"start":{"line":85,"column":8},"end":{"line":85,"column":null}},"type":"cond-expr","locations":[{"start":{"line":85,"column":25},"end":{"line":85,"column":50}},{"start":{"line":85,"column":50},"end":{"line":85,"column":null}}],"line":85},"14":{"loc":{"start":{"line":87,"column":6},"end":{"line":87,"column":null}},"type":"if","locations":[{"start":{"line":87,"column":6},"end":{"line":87,"column":null}},{"start":{},"end":{}}],"line":87},"15":{"loc":{"start":{"line":96,"column":8},"end":{"line":99,"column":null}},"type":"binary-expr","locations":[{"start":{"line":96,"column":8},"end":{"line":96,"column":null}},{"start":{"line":97,"column":10},"end":{"line":97,"column":null}},{"start":{"line":98,"column":10},"end":{"line":98,"column":null}},{"start":{"line":99,"column":10},"end":{"line":99,"column":null}}],"line":96},"16":{"loc":{"start":{"line":99,"column":10},"end":{"line":100,"column":null}},"type":"binary-expr","locations":[{"start":{"line":100,"column":9},"end":{"line":100,"column":22}},{"start":{"line":100,"column":22},"end":{"line":100,"column":31}},{"start":{"line":100,"column":31},"end":{"line":100,"column":null}}],"line":99},"17":{"loc":{"start":{"line":105,"column":8},"end":{"line":113,"column":null}},"type":"if","locations":[{"start":{"line":105,"column":8},"end":{"line":113,"column":null}},{"start":{},"end":{}}],"line":105},"18":{"loc":{"start":{"line":108,"column":10},"end":{"line":112,"column":null}},"type":"if","locations":[{"start":{"line":108,"column":10},"end":{"line":112,"column":null}},{"start":{"line":110,"column":17},"end":{"line":112,"column":null}}],"line":108},"19":{"loc":{"start":{"line":124,"column":22},"end":{"line":124,"column":null}},"type":"cond-expr","locations":[{"start":{"line":124,"column":34},"end":{"line":124,"column":38}},{"start":{"line":124,"column":38},"end":{"line":124,"column":null}}],"line":124},"20":{"loc":{"start":{"line":131,"column":11},"end":{"line":139,"column":null}},"type":"cond-expr","locations":[{"start":{"line":132,"column":12},"end":{"line":132,"column":null}},{"start":{"line":134,"column":12},"end":{"line":139,"column":null}}],"line":131}},"s":{"0":1,"1":12,"2":60,"3":38,"4":38,"5":38,"6":38,"7":38,"8":38,"9":38,"10":20,"11":38,"12":18,"13":12,"14":12,"15":12,"16":1,"17":12,"18":18,"19":18,"20":4,"21":38,"22":4,"23":4,"24":0,"25":4,"26":20,"27":4,"28":0,"29":4,"30":38,"31":20,"32":2,"33":2,"34":2,"35":1,"36":1},"f":{"0":12,"1":60,"2":38,"3":38,"4":18,"5":4,"6":4,"7":20,"8":20},"b":{"0":[38],"1":[38],"2":[38],"3":[20,18],"4":[38,34],"5":[12,6],"6":[18,14],"7":[1,11],"8":[12,12],"9":[1,11],"10":[12,12],"11":[4,14],"12":[0,4],"13":[4,16],"14":[0,4],"15":[38,36,2,2],"16":[38,4,34],"17":[2,18],"18":[1,1],"19":[34,4],"20":[20,18]},"meta":{"lastBranch":21,"lastFunction":9,"lastStatement":37,"seen":{"s:18:42:22:Infinity":0,"f:24:9:24:37":0,"s:25:2:29:Infinity":1,"f:25:35:25:36":1,"s:25:46:29:4":2,"f:37:16:37:32":2,"b:38:16:38:Infinity":0,"b:39:15:39:Infinity":1,"b:40:14:40:Infinity":2,"s:47:22:47:Infinity":3,"s:48:34:48:Infinity":4,"s:49:8:49:Infinity":5,"s:50:24:50:Infinity":6,"s:51:27:51:Infinity":7,"s:55:2:59:Infinity":8,"f:55:12:55:18":3,"b:56:4:58:Infinity:undefined:undefined:undefined:undefined":3,"s:56:4:58:Infinity":9,"b:56:8:56:21:56:21:56:28":4,"s:57:6:57:Infinity":10,"s:61:27:75:Infinity":11,"f:61:27:61:28":4,"b:62:4:68:Infinity:undefined:undefined:undefined:undefined":5,"s:62:4:68:Infinity":12,"b:62:8:62:20:62:20:62:41":6,"s:64:21:64:Infinity":13,"b:64:32:64:52:64:52:64:Infinity":7,"s:65:19:65:Infinity":14,"b:65:19:65:29:65:29:65:Infinity":8,"b:66:6:66:Infinity:undefined:undefined:undefined:undefined":9,"s:66:6:66:Infinity":15,"b:66:10:66:21:66:21:66:31":10,"s:66:31:66:Infinity":16,"s:67:6:67:Infinity":17,"s:69:4:69:Infinity":18,"b:72:4:74:Infinity:undefined:undefined:undefined:undefined":11,"s:72:4:74:Infinity":19,"s:73:6:73:Infinity":20,"s:77:33:90:Infinity":21,"f:77:33:77:Infinity":5,"s:82:4:89:Infinity":22,"f:82:18:82:19":6,"b:83:6:83:Infinity:undefined:undefined:undefined:undefined":12,"s:83:6:83:Infinity":23,"s:83:17:83:Infinity":24,"s:84:22:86:Infinity":25,"f:84:31:84:32":7,"s:85:8:85:Infinity":26,"b:85:25:85:50:85:50:85:Infinity":13,"b:87:6:87:Infinity:undefined:undefined:undefined:undefined":14,"s:87:6:87:Infinity":27,"s:87:20:87:Infinity":28,"s:88:6:88:Infinity":29,"s:92:2:143:Infinity":30,"b:96:8:96:Infinity:97:10:97:Infinity:98:10:98:Infinity:99:10:99:Infinity":15,"b:100:9:100:22:100:22:100:31:100:31:100:Infinity":16,"f:104:22:104:23":8,"b:105:8:113:Infinity:undefined:undefined:undefined:undefined":17,"s:105:8:113:Infinity":31,"s:106:10:106:Infinity":32,"s:107:10:107:Infinity":33,"b:108:10:112:Infinity:110:17:112:Infinity":18,"s:108:10:112:Infinity":34,"s:109:12:109:Infinity":35,"s:111:12:111:Infinity":36,"b:124:34:124:38:124:38:124:Infinity":19,"b:132:12:132:Infinity:134:12:139:Infinity":20}}}
,"/Users/byronhulcher/scratch/frontend-interview/src/components/table/cells/TextCell.tsx": {"path":"/Users/byronhulcher/scratch/frontend-interview/src/components/table/cells/TextCell.tsx","statementMap":{"0":{"start":{"line":11,"column":13},"end":{"line":11,"column":null}},"1":{"start":{"line":23,"column":76},"end":{"line":30,"column":null}},"2":{"start":{"line":32,"column":2},"end":{"line":54,"column":null}},"3":{"start":{"line":44,"column":27},"end":{"line":44,"column":null}}},"fnMap":{"0":{"name":"TextCellComponent","decl":{"start":{"line":13,"column":9},"end":{"line":13,"column":27}},"loc":{"start":{"line":22,"column":18},"end":{"line":56,"column":null}},"line":22},"1":{"name":"(anonymous_1)","decl":{"start":{"line":44,"column":20},"end":{"line":44,"column":21}},"loc":{"start":{"line":44,"column":27},"end":{"line":44,"column":null}},"line":44}},"branchMap":{"0":{"loc":{"start":{"line":15,"column":2},"end":{"line":15,"column":null}},"type":"default-arg","locations":[{"start":{"line":15,"column":15},"end":{"line":15,"column":null}}],"line":15},"1":{"loc":{"start":{"line":16,"column":2},"end":{"line":16,"column":null}},"type":"default-arg","locations":[{"start":{"line":16,"column":14},"end":{"line":16,"column":null}}],"line":16},"2":{"loc":{"start":{"line":39,"column":7},"end":{"line":52,"column":null}},"type":"cond-expr","locations":[{"start":{"line":40,"column":8},"end":{"line":48,"column":null}},{"start":{"line":50,"column":8},"end":{"line":52,"column":null}}],"line":39}},"s":{"0":4,"1":589,"2":589,"3":69},"f":{"0":589,"1":69},"b":{"0":[589],"1":[589],"2":[90,499]},"meta":{"lastBranch":3,"lastFunction":2,"lastStatement":4,"seen":{"s:11:13:11:Infinity":0,"f:13:9:13:27":0,"b:15:15:15:Infinity":0,"b:16:14:16:Infinity":1,"s:23:76:30:Infinity":1,"s:32:2:54:Infinity":2,"b:40:8:48:Infinity:50:8:52:Infinity":2,"f:44:20:44:21":1,"s:44:27:44:Infinity":3}}}
,"/Users/byronhulcher/scratch/frontend-interview/src/components/table/cells/TextTableCell.tsx": {"path":"/Users/byronhulcher/scratch/frontend-interview/src/components/table/cells/TextTableCell.tsx","statementMap":{"0":{"start":{"line":20,"column":76},"end":{"line":27,"column":null}},"1":{"start":{"line":29,"column":2},"end":{"line":51,"column":null}},"2":{"start":{"line":41,"column":27},"end":{"line":41,"column":null}}},"fnMap":{"0":{"name":"TextTableCell","decl":{"start":{"line":10,"column":16},"end":{"line":10,"column":30}},"loc":{"start":{"line":19,"column":23},"end":{"line":53,"column":null}},"line":19},"1":{"name":"(anonymous_1)","decl":{"start":{"line":41,"column":20},"end":{"line":41,"column":21}},"loc":{"start":{"line":41,"column":27},"end":{"line":41,"column":null}},"line":41}},"branchMap":{"0":{"loc":{"start":{"line":12,"column":2},"end":{"line":12,"column":null}},"type":"default-arg","locations":[{"start":{"line":12,"column":15},"end":{"line":12,"column":null}}],"line":12},"1":{"loc":{"start":{"line":13,"column":2},"end":{"line":13,"column":null}},"type":"default-arg","locations":[{"start":{"line":13,"column":14},"end":{"line":13,"column":null}}],"line":13},"2":{"loc":{"start":{"line":36,"column":7},"end":{"line":49,"column":null}},"type":"cond-expr","locations":[{"start":{"line":37,"column":8},"end":{"line":45,"column":null}},{"start":{"line":47,"column":8},"end":{"line":49,"column":null}}],"line":36}},"s":{"0":24,"1":24,"2":10},"f":{"0":24,"1":10},"b":{"0":[24],"1":[24],"2":[19,5]},"meta":{"lastBranch":3,"lastFunction":2,"lastStatement":3,"seen":{"f:10:16:10:30":0,"b:12:15:12:Infinity":0,"b:13:14:13:Infinity":1,"s:20:76:27:Infinity":0,"s:29:2:51:Infinity":1,"b:37:8:45:Infinity:47:8:49:Infinity":2,"f:41:20:41:21":1,"s:41:27:41:Infinity":2}}}
,"/Users/byronhulcher/scratch/frontend-interview/src/components/table/cells/hooks/useCellKeyboard.ts": {"path":"/Users/byronhulcher/scratch/frontend-interview/src/components/table/cells/hooks/useCellKeyboard.ts","statementMap":{"0":{"start":{"line":16,"column":8},"end":{"line":37,"column":null}},"1":{"start":{"line":18,"column":6},"end":{"line":34,"column":null}},"2":{"start":{"line":20,"column":10},"end":{"line":20,"column":null}},"3":{"start":{"line":21,"column":10},"end":{"line":21,"column":null}},"4":{"start":{"line":23,"column":10},"end":{"line":27,"column":null}},"5":{"start":{"line":24,"column":12},"end":{"line":24,"column":null}},"6":{"start":{"line":25,"column":12},"end":{"line":25,"column":null}},"7":{"start":{"line":26,"column":12},"end":{"line":26,"column":null}},"8":{"start":{"line":28,"column":10},"end":{"line":28,"column":null}},"9":{"start":{"line":30,"column":10},"end":{"line":30,"column":null}},"10":{"start":{"line":31,"column":10},"end":{"line":31,"column":null}},"11":{"start":{"line":32,"column":10},"end":{"line":32,"column":null}},"12":{"start":{"line":33,"column":10},"end":{"line":33,"column":null}},"13":{"start":{"line":38,"column":2},"end":{"line":38,"column":null}}},"fnMap":{"0":{"name":"useCellKeyboard","decl":{"start":{"line":11,"column":16},"end":{"line":11,"column":32}},"loc":{"start":{"line":15,"column":27},"end":{"line":39,"column":null}},"line":15},"1":{"name":"(anonymous_1)","decl":{"start":{"line":17,"column":4},"end":{"line":17,"column":5}},"loc":{"start":{"line":17,"column":32},"end":{"line":35,"column":null}},"line":17}},"branchMap":{"0":{"loc":{"start":{"line":14,"column":2},"end":{"line":14,"column":null}},"type":"default-arg","locations":[{"start":{"line":14,"column":19},"end":{"line":14,"column":null}}],"line":14},"1":{"loc":{"start":{"line":18,"column":6},"end":{"line":34,"column":null}},"type":"switch","locations":[{"start":{"line":19,"column":8},"end":{"line":21,"column":null}},{"start":{"line":22,"column":8},"end":{"line":28,"column":null}},{"start":{"line":29,"column":8},"end":{"line":33,"column":null}}],"line":18},"2":{"loc":{"start":{"line":23,"column":10},"end":{"line":27,"column":null}},"type":"if","locations":[{"start":{"line":23,"column":10},"end":{"line":27,"column":null}},{"start":{},"end":{}}],"line":23},"3":{"loc":{"start":{"line":32,"column":23},"end":{"line":32,"column":51}},"type":"cond-expr","locations":[{"start":{"line":32,"column":36},"end":{"line":32,"column":45}},{"start":{"line":32,"column":45},"end":{"line":32,"column":51}}],"line":32}},"s":{"0":1810,"1":181,"2":18,"3":18,"4":48,"5":13,"6":13,"7":13,"8":48,"9":23,"10":23,"11":23,"12":23,"13":1810},"f":{"0":1810,"1":181},"b":{"0":[1810],"1":[18,48,23],"2":[13,35],"3":[5,18]},"meta":{"lastBranch":4,"lastFunction":2,"lastStatement":14,"seen":{"f:11:16:11:32":0,"b:14:19:14:Infinity":0,"s:16:8:37:Infinity":0,"f:17:4:17:5":1,"b:19:8:21:Infinity:22:8:28:Infinity:29:8:33:Infinity":1,"s:18:6:34:Infinity":1,"s:20:10:20:Infinity":2,"s:21:10:21:Infinity":3,"b:23:10:27:Infinity:undefined:undefined:undefined:undefined":2,"s:23:10:27:Infinity":4,"s:24:12:24:Infinity":5,"s:25:12:25:Infinity":6,"s:26:12:26:Infinity":7,"s:28:10:28:Infinity":8,"s:30:10:30:Infinity":9,"s:31:10:31:Infinity":10,"s:32:10:32:Infinity":11,"b:32:36:32:45:32:45:32:51":3,"s:33:10:33:Infinity":12,"s:38:2:38:Infinity":13}}}
,"/Users/byronhulcher/scratch/frontend-interview/src/components/table/cells/hooks/useEditableCell.ts": {"path":"/Users/byronhulcher/scratch/frontend-interview/src/components/table/cells/hooks/useEditableCell.ts","statementMap":{"0":{"start":{"line":20,"column":38},"end":{"line":20,"column":null}},"1":{"start":{"line":21,"column":8},"end":{"line":21,"column":null}},"2":{"start":{"line":23,"column":8},"end":{"line":25,"column":null}},"3":{"start":{"line":24,"column":4},"end":{"line":24,"column":null}},"4":{"start":{"line":27,"column":8},"end":{"line":30,"column":null}},"5":{"start":{"line":28,"column":4},"end":{"line":28,"column":null}},"6":{"start":{"line":29,"column":4},"end":{"line":29,"column":null}},"7":{"start":{"line":32,"column":24},"end":{"line":36,"column":null}},"8":{"start":{"line":38,"column":2},"end":{"line":46,"column":null}},"9":{"start":{"line":39,"column":4},"end":{"line":45,"column":null}},"10":{"start":{"line":40,"column":6},"end":{"line":40,"column":null}},"11":{"start":{"line":42,"column":6},"end":{"line":44,"column":null}},"12":{"start":{"line":43,"column":8},"end":{"line":43,"column":null}},"13":{"start":{"line":49,"column":8},"end":{"line":52,"column":null}},"14":{"start":{"line":50,"column":11},"end":{"line":50,"column":null}},"15":{"start":{"line":54,"column":2},"end":{"line":54,"column":null}}},"fnMap":{"0":{"name":"useEditableCell","decl":{"start":{"line":13,"column":16},"end":{"line":13,"column":77}},"loc":{"start":{"line":19,"column":30},"end":{"line":55,"column":null}},"line":19},"1":{"name":"(anonymous_1)","decl":{"start":{"line":23,"column":36},"end":{"line":23,"column":37}},"loc":{"start":{"line":23,"column":53},"end":{"line":25,"column":5}},"line":23},"2":{"name":"(anonymous_2)","decl":{"start":{"line":27,"column":36},"end":{"line":27,"column":42}},"loc":{"start":{"line":27,"column":42},"end":{"line":30,"column":5}},"line":27},"3":{"name":"(anonymous_3)","decl":{"start":{"line":38,"column":12},"end":{"line":38,"column":18}},"loc":{"start":{"line":38,"column":18},"end":{"line":46,"column":5}},"line":38},"4":{"name":"(anonymous_4)","decl":{"start":{"line":50,"column":4},"end":{"line":50,"column":11}},"loc":{"start":{"line":50,"column":11},"end":{"line":50,"column":null}},"line":50}},"branchMap":{"0":{"loc":{"start":{"line":28,"column":15},"end":{"line":28,"column":47}},"type":"cond-expr","locations":[{"start":{"line":28,"column":27},"end":{"line":28,"column":42}},{"start":{"line":28,"column":42},"end":{"line":28,"column":47}}],"line":28},"1":{"loc":{"start":{"line":39,"column":4},"end":{"line":45,"column":null}},"type":"if","locations":[{"start":{"line":39,"column":4},"end":{"line":45,"column":null}},{"start":{},"end":{}}],"line":39},"2":{"loc":{"start":{"line":42,"column":6},"end":{"line":44,"column":null}},"type":"if","locations":[{"start":{"line":42,"column":6},"end":{"line":44,"column":null}},{"start":{},"end":{}}],"line":42},"3":{"loc":{"start":{"line":50,"column":11},"end":{"line":50,"column":null}},"type":"cond-expr","locations":[{"start":{"line":50,"column":23},"end":{"line":50,"column":38}},{"start":{"line":50,"column":38},"end":{"line":50,"column":null}}],"line":50}},"s":{"0":1187,"1":1187,"2":1187,"3":96,"4":1187,"5":44,"6":44,"7":1187,"8":1187,"9":418,"10":58,"11":58,"12":49,"13":1187,"14":516,"15":1187},"f":{"0":1187,"1":96,"2":44,"3":418,"4":516},"b":{"0":[24,0],"1":[58,360],"2":[49,9],"3":[155,361]},"meta":{"lastBranch":4,"lastFunction":5,"lastStatement":16,"seen":{"f:13:16:13:77":0,"s:20:38:20:Infinity":0,"s:21:8:21:Infinity":1,"s:23:8:25:Infinity":2,"f:23:36:23:37":1,"s:24:4:24:Infinity":3,"s:27:8:30:Infinity":4,"f:27:36:27:42":2,"s:28:4:28:Infinity":5,"b:28:27:28:42:28:42:28:47":0,"s:29:4:29:Infinity":6,"s:32:24:36:Infinity":7,"s:38:2:46:Infinity":8,"f:38:12:38:18":3,"b:39:4:45:Infinity:undefined:undefined:undefined:undefined":1,"s:39:4:45:Infinity":9,"s:40:6:40:Infinity":10,"b:42:6:44:Infinity:undefined:undefined:undefined:undefined":2,"s:42:6:44:Infinity":11,"s:43:8:43:Infinity":12,"s:49:8:52:Infinity":13,"f:50:4:50:11":4,"s:50:11:50:Infinity":14,"b:50:23:50:38:50:38:50:Infinity":3,"s:54:2:54:Infinity":15}}}
,"/Users/byronhulcher/scratch/frontend-interview/src/components/table/hooks/useTableNavigation.ts": {"path":"/Users/byronhulcher/scratch/frontend-interview/src/components/table/hooks/useTableNavigation.ts","statementMap":{"0":{"start":{"line":19,"column":34},"end":{"line":19,"column":null}},"1":{"start":{"line":20,"column":8},"end":{"line":20,"column":null}},"2":{"start":{"line":22,"column":8},"end":{"line":55,"column":null}},"3":{"start":{"line":24,"column":6},"end":{"line":52,"column":null}},"4":{"start":{"line":25,"column":8},"end":{"line":25,"column":null}},"5":{"start":{"line":25,"column":19},"end":{"line":25,"column":null}},"6":{"start":{"line":26,"column":29},"end":{"line":26,"column":null}},"7":{"start":{"line":27,"column":8},"end":{"line":51,"column":null}},"8":{"start":{"line":29,"column":12},"end":{"line":29,"column":null}},"9":{"start":{"line":31,"column":12},"end":{"line":33,"column":null}},"10":{"start":{"line":35,"column":12},"end":{"line":35,"column":null}},"11":{"start":{"line":37,"column":12},"end":{"line":39,"column":null}},"12":{"start":{"line":41,"column":12},"end":{"line":42,"column":null}},"13":{"start":{"line":42,"column":14},"end":{"line":42,"column":null}},"14":{"start":{"line":43,"column":12},"end":{"line":44,"column":null}},"15":{"start":{"line":44,"column":14},"end":{"line":44,"column":null}},"16":{"start":{"line":45,"column":12},"end":{"line":45,"column":null}},"17":{"start":{"line":47,"column":12},"end":{"line":47,"column":null}},"18":{"start":{"line":47,"column":25},"end":{"line":47,"column":null}},"19":{"start":{"line":48,"column":12},"end":{"line":49,"column":null}},"20":{"start":{"line":49,"column":14},"end":{"line":49,"column":null}},"21":{"start":{"line":50,"column":12},"end":{"line":50,"column":null}},"22":{"start":{"line":59,"column":8},"end":{"line":63,"column":null}},"23":{"start":{"line":60,"column":4},"end":{"line":60,"column":null}},"24":{"start":{"line":62,"column":4},"end":{"line":62,"column":null}},"25":{"start":{"line":65,"column":8},"end":{"line":67,"column":null}},"26":{"start":{"line":66,"column":4},"end":{"line":66,"column":null}},"27":{"start":{"line":69,"column":8},"end":{"line":72,"column":null}},"28":{"start":{"line":70,"column":4},"end":{"line":70,"column":null}},"29":{"start":{"line":70,"column":29},"end":{"line":70,"column":73}},"30":{"start":{"line":71,"column":4},"end":{"line":71,"column":null}},"31":{"start":{"line":74,"column":8},"end":{"line":84,"column":null}},"32":{"start":{"line":79,"column":6},"end":{"line":81,"column":null}},"33":{"start":{"line":80,"column":8},"end":{"line":80,"column":null}},"34":{"start":{"line":86,"column":8},"end":{"line":127,"column":null}},"35":{"start":{"line":92,"column":6},"end":{"line":92,"column":null}},"36":{"start":{"line":94,"column":6},"end":{"line":94,"column":null}},"37":{"start":{"line":94,"column":56},"end":{"line":94,"column":null}},"38":{"start":{"line":96,"column":6},"end":{"line":124,"column":null}},"39":{"start":{"line":98,"column":10},"end":{"line":98,"column":null}},"40":{"start":{"line":99,"column":10},"end":{"line":99,"column":null}},"41":{"start":{"line":100,"column":10},"end":{"line":100,"column":null}},"42":{"start":{"line":102,"column":10},"end":{"line":102,"column":null}},"43":{"start":{"line":103,"column":10},"end":{"line":103,"column":null}},"44":{"start":{"line":104,"column":10},"end":{"line":104,"column":null}},"45":{"start":{"line":106,"column":10},"end":{"line":106,"column":null}},"46":{"start":{"line":107,"column":10},"end":{"line":107,"column":null}},"47":{"start":{"line":108,"column":10},"end":{"line":108,"column":null}},"48":{"start":{"line":110,"column":10},"end":{"line":110,"column":null}},"49":{"start":{"line":111,"column":10},"end":{"line":111,"column":null}},"50":{"start":{"line":112,"column":10},"end":{"line":112,"column":null}},"51":{"start":{"line":114,"column":10},"end":{"line":114,"column":null}},"52":{"start":{"line":115,"column":10},"end":{"line":115,"column":null}},"53":{"start":{"line":116,"column":10},"end":{"line":116,"column":null}},"54":{"start":{"line":118,"column":10},"end":{"line":118,"column":null}},"55":{"start":{"line":119,"column":10},"end":{"line":119,"column":null}},"56":{"start":{"line":119,"column":35},"end":{"line":119,"column":78}},"57":{"start":{"line":120,"column":10},"end":{"line":120,"column":null}},"58":{"start":{"line":122,"column":10},"end":{"line":122,"column":null}},"59":{"start":{"line":123,"column":10},"end":{"line":123,"column":null}},"60":{"start":{"line":129,"column":2},"end":{"line":138,"column":null}}},"fnMap":{"0":{"name":"useTableNavigation","decl":{"start":{"line":15,"column":16},"end":{"line":15,"column":35}},"loc":{"start":{"line":18,"column":30},"end":{"line":139,"column":null}},"line":18},"1":{"name":"(anonymous_1)","decl":{"start":{"line":23,"column":4},"end":{"line":23,"column":5}},"loc":{"start":{"line":23,"column":40},"end":{"line":53,"column":null}},"line":23},"2":{"name":"(anonymous_2)","decl":{"start":{"line":24,"column":20},"end":{"line":24,"column":21}},"loc":{"start":{"line":24,"column":30},"end":{"line":52,"column":7}},"line":24},"3":{"name":"(anonymous_3)","decl":{"start":{"line":59,"column":33},"end":{"line":59,"column":34}},"loc":{"start":{"line":59,"column":63},"end":{"line":63,"column":5}},"line":59},"4":{"name":"(anonymous_4)","decl":{"start":{"line":65,"column":31},"end":{"line":65,"column":32}},"loc":{"start":{"line":65,"column":61},"end":{"line":67,"column":5}},"line":65},"5":{"name":"(anonymous_5)","decl":{"start":{"line":69,"column":31},"end":{"line":69,"column":37}},"loc":{"start":{"line":69,"column":37},"end":{"line":72,"column":5}},"line":69},"6":{"name":"(anonymous_6)","decl":{"start":{"line":70,"column":18},"end":{"line":70,"column":19}},"loc":{"start":{"line":70,"column":29},"end":{"line":70,"column":73}},"line":70},"7":{"name":"(anonymous_7)","decl":{"start":{"line":75,"column":4},"end":{"line":75,"column":5}},"loc":{"start":{"line":75,"column":45},"end":{"line":82,"column":null}},"line":75},"8":{"name":"(anonymous_8)","decl":{"start":{"line":87,"column":4},"end":{"line":87,"column":5}},"loc":{"start":{"line":87,"column":48},"end":{"line":125,"column":null}},"line":87},"9":{"name":"(anonymous_9)","decl":{"start":{"line":119,"column":24},"end":{"line":119,"column":25}},"loc":{"start":{"line":119,"column":35},"end":{"line":119,"column":78}},"line":119}},"branchMap":{"0":{"loc":{"start":{"line":25,"column":8},"end":{"line":25,"column":null}},"type":"if","locations":[{"start":{"line":25,"column":8},"end":{"line":25,"column":null}},{"start":{},"end":{}}],"line":25},"1":{"loc":{"start":{"line":27,"column":8},"end":{"line":51,"column":null}},"type":"switch","locations":[{"start":{"line":28,"column":10},"end":{"line":29,"column":null}},{"start":{"line":30,"column":10},"end":{"line":33,"column":null}},{"start":{"line":34,"column":10},"end":{"line":35,"column":null}},{"start":{"line":36,"column":10},"end":{"line":39,"column":null}},{"start":{"line":40,"column":10},"end":{"line":45,"column":null}},{"start":{"line":46,"column":10},"end":{"line":50,"column":null}}],"line":27},"2":{"loc":{"start":{"line":29,"column":19},"end":{"line":29,"column":null}},"type":"cond-expr","locations":[{"start":{"line":29,"column":29},"end":{"line":29,"column":71}},{"start":{"line":29,"column":71},"end":{"line":29,"column":null}}],"line":29},"3":{"loc":{"start":{"line":31,"column":19},"end":{"line":33,"column":null}},"type":"cond-expr","locations":[{"start":{"line":32,"column":16},"end":{"line":32,"column":null}},{"start":{"line":33,"column":16},"end":{"line":33,"column":null}}],"line":31},"4":{"loc":{"start":{"line":35,"column":19},"end":{"line":35,"column":null}},"type":"cond-expr","locations":[{"start":{"line":35,"column":29},"end":{"line":35,"column":71}},{"start":{"line":35,"column":71},"end":{"line":35,"column":null}}],"line":35},"5":{"loc":{"start":{"line":37,"column":19},"end":{"line":39,"column":null}},"type":"cond-expr","locations":[{"start":{"line":38,"column":16},"end":{"line":38,"column":null}},{"start":{"line":39,"column":16},"end":{"line":39,"column":null}}],"line":37},"6":{"loc":{"start":{"line":41,"column":12},"end":{"line":42,"column":null}},"type":"if","locations":[{"start":{"line":41,"column":12},"end":{"line":42,"column":null}},{"start":{},"end":{}}],"line":41},"7":{"loc":{"start":{"line":43,"column":12},"end":{"line":44,"column":null}},"type":"if","locations":[{"start":{"line":43,"column":12},"end":{"line":44,"column":null}},{"start":{},"end":{}}],"line":43},"8":{"loc":{"start":{"line":47,"column":12},"end":{"line":47,"column":null}},"type":"if","locations":[{"start":{"line":47,"column":12},"end":{"line":47,"column":null}},{"start":{},"end":{}}],"line":47},"9":{"loc":{"start":{"line":48,"column":12},"end":{"line":49,"column":null}},"type":"if","locations":[{"start":{"line":48,"column":12},"end":{"line":49,"column":null}},{"start":{},"end":{}}],"line":48},"10":{"loc":{"start":{"line":70,"column":29},"end":{"line":70,"column":73}},"type":"cond-expr","locations":[{"start":{"line":70,"column":36},"end":{"line":70,"column":68}},{"start":{"line":70,"column":68},"end":{"line":70,"column":73}}],"line":70},"11":{"loc":{"start":{"line":79,"column":6},"end":{"line":81,"column":null}},"type":"if","locations":[{"start":{"line":79,"column":6},"end":{"line":81,"column":null}},{"start":{},"end":{}}],"line":79},"12":{"loc":{"start":{"line":79,"column":10},"end":{"line":79,"column":77}},"type":"binary-expr","locations":[{"start":{"line":79,"column":10},"end":{"line":79,"column":33}},{"start":{"line":79,"column":33},"end":{"line":79,"column":77}}],"line":79},"13":{"loc":{"start":{"line":94,"column":6},"end":{"line":94,"column":null}},"type":"if","locations":[{"start":{"line":94,"column":6},"end":{"line":94,"column":null}},{"start":{},"end":{}}],"line":94},"14":{"loc":{"start":{"line":94,"column":10},"end":{"line":94,"column":56}},"type":"binary-expr","locations":[{"start":{"line":94,"column":10},"end":{"line":94,"column":25}},{"start":{"line":94,"column":25},"end":{"line":94,"column":56}}],"line":94},"15":{"loc":{"start":{"line":96,"column":6},"end":{"line":124,"column":null}},"type":"switch","locations":[{"start":{"line":97,"column":8},"end":{"line":100,"column":null}},{"start":{"line":101,"column":8},"end":{"line":104,"column":null}},{"start":{"line":105,"column":8},"end":{"line":108,"column":null}},{"start":{"line":109,"column":8},"end":{"line":112,"column":null}},{"start":{"line":113,"column":8},"end":{"line":116,"column":null}},{"start":{"line":117,"column":8},"end":{"line":120,"column":null}},{"start":{"line":121,"column":8},"end":{"line":123,"column":null}}],"line":96},"16":{"loc":{"start":{"line":115,"column":19},"end":{"line":115,"column":47}},"type":"cond-expr","locations":[{"start":{"line":115,"column":32},"end":{"line":115,"column":41}},{"start":{"line":115,"column":41},"end":{"line":115,"column":47}}],"line":115},"17":{"loc":{"start":{"line":119,"column":35},"end":{"line":119,"column":78}},"type":"cond-expr","locations":[{"start":{"line":119,"column":42},"end":{"line":119,"column":73}},{"start":{"line":119,"column":73},"end":{"line":119,"column":78}}],"line":119}},"s":{"0":279,"1":279,"2":279,"3":36,"4":36,"5":1,"6":35,"7":35,"8":5,"9":6,"10":5,"11":5,"12":9,"13":6,"14":3,"15":2,"16":1,"17":5,"18":3,"19":2,"20":2,"21":1,"22":279,"23":53,"24":53,"25":279,"26":18,"27":279,"28":24,"29":24,"30":24,"31":279,"32":126,"33":55,"34":279,"35":107,"36":107,"37":69,"38":38,"39":3,"40":3,"41":3,"42":4,"43":4,"44":4,"45":3,"46":3,"47":3,"48":3,"49":3,"50":3,"51":5,"52":5,"53":5,"54":9,"55":9,"56":9,"57":9,"58":9,"59":9,"60":279},"f":{"0":279,"1":36,"2":36,"3":53,"4":18,"5":24,"6":24,"7":126,"8":107,"9":9},"b":{"0":[1,35],"1":[35,6,5,5,9,5],"2":[3,2],"3":[4,2],"4":[3,2],"5":[3,2],"6":[6,3],"7":[2,1],"8":[3,2],"9":[1,1],"10":[23,1],"11":[55,71],"12":[126,56],"13":[69,38],"14":[107,107],"15":[38,4,3,3,5,9,9],"16":[2,3],"17":[9,0]},"meta":{"lastBranch":18,"lastFunction":10,"lastStatement":61,"seen":{"f:15:16:15:35":0,"s:19:34:19:Infinity":0,"s:20:8:20:Infinity":1,"s:22:8:55:Infinity":2,"f:23:4:23:5":1,"s:24:6:52:Infinity":3,"f:24:20:24:21":2,"b:25:8:25:Infinity:undefined:undefined:undefined:undefined":0,"s:25:8:25:Infinity":4,"s:25:19:25:Infinity":5,"s:26:29:26:Infinity":6,"b:28:10:29:Infinity:30:10:33:Infinity:34:10:35:Infinity:36:10:39:Infinity:40:10:45:Infinity:46:10:50:Infinity":1,"s:27:8:51:Infinity":7,"s:29:12:29:Infinity":8,"b:29:29:29:71:29:71:29:Infinity":2,"s:31:12:33:Infinity":9,"b:32:16:32:Infinity:33:16:33:Infinity":3,"s:35:12:35:Infinity":10,"b:35:29:35:71:35:71:35:Infinity":4,"s:37:12:39:Infinity":11,"b:38:16:38:Infinity:39:16:39:Infinity":5,"b:41:12:42:Infinity:undefined:undefined:undefined:undefined":6,"s:41:12:42:Infinity":12,"s:42:14:42:Infinity":13,"b:43:12:44:Infinity:undefined:undefined:undefined:undefined":7,"s:43:12:44:Infinity":14,"s:44:14:44:Infinity":15,"s:45:12:45:Infinity":16,"b:47:12:47:Infinity:undefined:undefined:undefined:undefined":8,"s:47:12:47:Infinity":17,"s:47:25:47:Infinity":18,"b:48:12:49:Infinity:undefined:undefined:undefined:undefined":9,"s:48:12:49:Infinity":19,"s:49:14:49:Infinity":20,"s:50:12:50:Infinity":21,"s:59:8:63:Infinity":22,"f:59:33:59:34":3,"s:60:4:60:Infinity":23,"s:62:4:62:Infinity":24,"s:65:8:67:Infinity":25,"f:65:31:65:32":4,"s:66:4:66:Infinity":26,"s:69:8:72:Infinity":27,"f:69:31:69:37":5,"s:70:4:70:Infinity":28,"f:70:18:70:19":6,"s:70:29:70:73":29,"b:70:36:70:68:70:68:70:73":10,"s:71:4:71:Infinity":30,"s:74:8:84:Infinity":31,"f:75:4:75:5":7,"b:79:6:81:Infinity:undefined:undefined:undefined:undefined":11,"s:79:6:81:Infinity":32,"b:79:10:79:33:79:33:79:77":12,"s:80:8:80:Infinity":33,"s:86:8:127:Infinity":34,"f:87:4:87:5":8,"s:92:6:92:Infinity":35,"b:94:6:94:Infinity:undefined:undefined:undefined:undefined":13,"s:94:6:94:Infinity":36,"b:94:10:94:25:94:25:94:56":14,"s:94:56:94:Infinity":37,"b:97:8:100:Infinity:101:8:104:Infinity:105:8:108:Infinity:109:8:112:Infinity:113:8:116:Infinity:117:8:120:Infinity:121:8:123:Infinity":15,"s:96:6:124:Infinity":38,"s:98:10:98:Infinity":39,"s:99:10:99:Infinity":40,"s:100:10:100:Infinity":41,"s:102:10:102:Infinity":42,"s:103:10:103:Infinity":43,"s:104:10:104:Infinity":44,"s:106:10:106:Infinity":45,"s:107:10:107:Infinity":46,"s:108:10:108:Infinity":47,"s:110:10:110:Infinity":48,"s:111:10:111:Infinity":49,"s:112:10:112:Infinity":50,"s:114:10:114:Infinity":51,"s:115:10:115:Infinity":52,"b:115:32:115:41:115:41:115:47":16,"s:116:10:116:Infinity":53,"s:118:10:118:Infinity":54,"s:119:10:119:Infinity":55,"f:119:24:119:25":9,"s:119:35:119:78":56,"b:119:42:119:73:119:73:119:78":17,"s:120:10:120:Infinity":57,"s:122:10:122:Infinity":58,"s:123:10:123:Infinity":59,"s:129:2:138:Infinity":60}}}
,"/Users/byronhulcher/scratch/frontend-interview/src/components/ui/button-variants.ts": {"path":"/Users/byronhulcher/scratch/frontend-interview/src/components/ui/button-variants.ts","statementMap":{"0":{"start":{"line":3,"column":13},"end":{"line":33,"column":null}}},"fnMap":{},"branchMap":{},"s":{"0":3},"f":{},"b":{},"meta":{"lastBranch":0,"lastFunction":0,"lastStatement":1,"seen":{"s:3:13:33:Infinity":0}}}
,"/Users/byronhulcher/scratch/frontend-interview/src/components/ui/button.tsx": {"path":"/Users/byronhulcher/scratch/frontend-interview/src/components/ui/button.tsx","statementMap":{"0":{"start":{"line":18,"column":15},"end":{"line":18,"column":null}},"1":{"start":{"line":20,"column":2},"end":{"line":25,"column":null}}},"fnMap":{"0":{"name":"Button","decl":{"start":{"line":8,"column":9},"end":{"line":8,"column":16}},"loc":{"start":{"line":17,"column":5},"end":{"line":27,"column":null}},"line":17}},"branchMap":{"0":{"loc":{"start":{"line":12,"column":2},"end":{"line":12,"column":null}},"type":"default-arg","locations":[{"start":{"line":12,"column":12},"end":{"line":12,"column":null}}],"line":12},"1":{"loc":{"start":{"line":18,"column":15},"end":{"line":18,"column":null}},"type":"cond-expr","locations":[{"start":{"line":18,"column":25},"end":{"line":18,"column":32}},{"start":{"line":18,"column":32},"end":{"line":18,"column":null}}],"line":18}},"s":{"0":786,"1":786},"f":{"0":786},"b":{"0":[786],"1":[0,786]},"meta":{"lastBranch":2,"lastFunction":1,"lastStatement":2,"seen":{"f:8:9:8:16":0,"b:12:12:12:Infinity":0,"s:18:15:18:Infinity":0,"b:18:25:18:32:18:32:18:Infinity":1,"s:20:2:25:Infinity":1}}}
,"/Users/byronhulcher/scratch/frontend-interview/src/components/ui/popover.tsx": {"path":"/Users/byronhulcher/scratch/frontend-interview/src/components/ui/popover.tsx","statementMap":{"0":{"start":{"line":9,"column":2},"end":{"line":9,"column":null}},"1":{"start":{"line":15,"column":2},"end":{"line":15,"column":null}},"2":{"start":{"line":24,"column":2},"end":{"line":36,"column":null}},"3":{"start":{"line":43,"column":2},"end":{"line":43,"column":null}}},"fnMap":{"0":{"name":"Popover","decl":{"start":{"line":6,"column":9},"end":{"line":6,"column":17}},"loc":{"start":{"line":8,"column":55},"end":{"line":10,"column":null}},"line":8},"1":{"name":"PopoverTrigger","decl":{"start":{"line":12,"column":9},"end":{"line":12,"column":24}},"loc":{"start":{"line":14,"column":58},"end":{"line":16,"column":null}},"line":14},"2":{"name":"PopoverContent","decl":{"start":{"line":18,"column":9},"end":{"line":18,"column":24}},"loc":{"start":{"line":23,"column":58},"end":{"line":38,"column":null}},"line":23},"3":{"name":"PopoverAnchor","decl":{"start":{"line":40,"column":9},"end":{"line":40,"column":23}},"loc":{"start":{"line":42,"column":57},"end":{"line":44,"column":null}},"line":42}},"branchMap":{"0":{"loc":{"start":{"line":20,"column":2},"end":{"line":20,"column":null}},"type":"default-arg","locations":[{"start":{"line":20,"column":10},"end":{"line":20,"column":null}}],"line":20},"1":{"loc":{"start":{"line":21,"column":2},"end":{"line":21,"column":null}},"type":"default-arg","locations":[{"start":{"line":21,"column":15},"end":{"line":21,"column":null}}],"line":21}},"s":{"0":587,"1":587,"2":587,"3":0},"f":{"0":587,"1":587,"2":587,"3":0},"b":{"0":[587],"1":[587]},"meta":{"lastBranch":2,"lastFunction":4,"lastStatement":4,"seen":{"f:6:9:6:17":0,"s:9:2:9:Infinity":0,"f:12:9:12:24":1,"s:15:2:15:Infinity":1,"f:18:9:18:24":2,"b:20:10:20:Infinity":0,"b:21:15:21:Infinity":1,"s:24:2:36:Infinity":2,"f:40:9:40:23":3,"s:43:2:43:Infinity":3}}}
,"/Users/byronhulcher/scratch/frontend-interview/src/components/ui/table.tsx": {"path":"/Users/byronhulcher/scratch/frontend-interview/src/components/ui/table.tsx","statementMap":{"0":{"start":{"line":6,"column":2},"end":{"line":16,"column":null}},"1":{"start":{"line":21,"column":2},"end":{"line":26,"column":null}},"2":{"start":{"line":31,"column":2},"end":{"line":36,"column":null}},"3":{"start":{"line":41,"column":2},"end":{"line":49,"column":null}},"4":{"start":{"line":54,"column":2},"end":{"line":62,"column":null}},"5":{"start":{"line":67,"column":2},"end":{"line":75,"column":null}},"6":{"start":{"line":80,"column":2},"end":{"line":88,"column":null}},"7":{"start":{"line":96,"column":2},"end":{"line":101,"column":null}}},"fnMap":{"0":{"name":"Table","decl":{"start":{"line":5,"column":9},"end":{"line":5,"column":15}},"loc":{"start":{"line":5,"column":71},"end":{"line":18,"column":null}},"line":5},"1":{"name":"TableHeader","decl":{"start":{"line":20,"column":9},"end":{"line":20,"column":21}},"loc":{"start":{"line":20,"column":77},"end":{"line":28,"column":null}},"line":20},"2":{"name":"TableBody","decl":{"start":{"line":30,"column":9},"end":{"line":30,"column":19}},"loc":{"start":{"line":30,"column":75},"end":{"line":38,"column":null}},"line":30},"3":{"name":"TableFooter","decl":{"start":{"line":40,"column":9},"end":{"line":40,"column":21}},"loc":{"start":{"line":40,"column":77},"end":{"line":51,"column":null}},"line":40},"4":{"name":"TableRow","decl":{"start":{"line":53,"column":9},"end":{"line":53,"column":18}},"loc":{"start":{"line":53,"column":71},"end":{"line":64,"column":null}},"line":53},"5":{"name":"TableHead","decl":{"start":{"line":66,"column":9},"end":{"line":66,"column":19}},"loc":{"start":{"line":66,"column":72},"end":{"line":77,"column":null}},"line":66},"6":{"name":"TableCell","decl":{"start":{"line":79,"column":9},"end":{"line":79,"column":19}},"loc":{"start":{"line":79,"column":72},"end":{"line":90,"column":null}},"line":79},"7":{"name":"TableCaption","decl":{"start":{"line":92,"column":9},"end":{"line":92,"column":22}},"loc":{"start":{"line":95,"column":36},"end":{"line":103,"column":null}},"line":95}},"branchMap":{},"s":{"0":187,"1":187,"2":187,"3":0,"4":855,"5":474,"6":1785,"7":0},"f":{"0":187,"1":187,"2":187,"3":0,"4":855,"5":474,"6":1785,"7":0},"b":{},"meta":{"lastBranch":0,"lastFunction":8,"lastStatement":8,"seen":{"f:5:9:5:15":0,"s:6:2:16:Infinity":0,"f:20:9:20:21":1,"s:21:2:26:Infinity":1,"f:30:9:30:19":2,"s:31:2:36:Infinity":2,"f:40:9:40:21":3,"s:41:2:49:Infinity":3,"f:53:9:53:18":4,"s:54:2:62:Infinity":4,"f:66:9:66:19":5,"s:67:2:75:Infinity":5,"f:79:9:79:19":6,"s:80:2:88:Infinity":6,"f:92:9:92:22":7,"s:96:2:101:Infinity":7}}}
,"/Users/byronhulcher/scratch/frontend-interview/src/data/generateData.ts": {"path":"/Users/byronhulcher/scratch/frontend-interview/src/data/generateData.ts","statementMap":{"0":{"start":{"line":4,"column":14},"end":{"line":15,"column":null}},"1":{"start":{"line":17,"column":25},"end":{"line":28,"column":null}},"2":{"start":{"line":30,"column":21},"end":{"line":41,"column":null}},"3":{"start":{"line":44,"column":2},"end":{"line":44,"column":null}},"4":{"start":{"line":48,"column":2},"end":{"line":48,"column":null}},"5":{"start":{"line":52,"column":2},"end":{"line":52,"column":null}},"6":{"start":{"line":59,"column":28},"end":{"line":59,"column":null}},"7":{"start":{"line":61,"column":2},"end":{"line":72,"column":null}},"8":{"start":{"line":61,"column":15},"end":{"line":61,"column":18}},"9":{"start":{"line":62,"column":4},"end":{"line":71,"column":null}},"10":{"start":{"line":74,"column":2},"end":{"line":74,"column":null}},"11":{"start":{"line":77,"column":43},"end":{"line":121,"column":null}}},"fnMap":{"0":{"name":"randomElement","decl":{"start":{"line":43,"column":9},"end":{"line":43,"column":26}},"loc":{"start":{"line":43,"column":41},"end":{"line":45,"column":null}},"line":43},"1":{"name":"randomInt","decl":{"start":{"line":47,"column":9},"end":{"line":47,"column":19}},"loc":{"start":{"line":47,"column":53},"end":{"line":49,"column":null}},"line":47},"2":{"name":"randomFloat","decl":{"start":{"line":51,"column":9},"end":{"line":51,"column":21}},"loc":{"start":{"line":51,"column":55},"end":{"line":53,"column":null}},"line":51},"3":{"name":"generateData","decl":{"start":{"line":58,"column":16},"end":{"line":58,"column":29}},"loc":{"start":{"line":58,"column":63},"end":{"line":75,"column":null}},"line":58}},"branchMap":{"0":{"loc":{"start":{"line":58,"column":29},"end":{"line":58,"column":63}},"type":"default-arg","locations":[{"start":{"line":58,"column":45},"end":{"line":58,"column":63}}],"line":58}},"s":{"0":4,"1":4,"2":4,"3":3905,"4":1355,"5":2655,"6":15,"7":15,"8":15,"9":1300,"10":15,"11":4},"f":{"0":3905,"1":1355,"2":2655,"3":15},"b":{"0":[15]},"meta":{"lastBranch":1,"lastFunction":4,"lastStatement":12,"seen":{"s:4:14:15:Infinity":0,"s:17:25:28:Infinity":1,"s:30:21:41:Infinity":2,"f:43:9:43:26":0,"s:44:2:44:Infinity":3,"f:47:9:47:19":1,"s:48:2:48:Infinity":4,"f:51:9:51:21":2,"s:52:2:52:Infinity":5,"f:58:16:58:29":3,"b:58:45:58:63":0,"s:59:28:59:Infinity":6,"s:61:2:72:Infinity":7,"s:61:15:61:18":8,"s:62:4:71:Infinity":9,"s:74:2:74:Infinity":10,"s:77:43:121:Infinity":11}}}
,"/Users/byronhulcher/scratch/frontend-interview/src/data/nestedDataStore/NestedDataStore.ts": {"path":"/Users/byronhulcher/scratch/frontend-interview/src/data/nestedDataStore/NestedDataStore.ts","statementMap":{"0":{"start":{"line":8,"column":47},"end":{"line":11,"column":null}},"1":{"start":{"line":9,"column":17},"end":{"line":9,"column":null}}},"fnMap":{"0":{"name":"(anonymous_0)","decl":{"start":{"line":9,"column":11},"end":{"line":9,"column":17}},"loc":{"start":{"line":9,"column":17},"end":{"line":9,"column":null}},"line":9},"1":{"name":"(anonymous_1)","decl":{"start":{"line":10,"column":11},"end":{"line":10,"column":17}},"loc":{"start":{"line":10,"column":17},"end":{"line":10,"column":null}},"line":10}},"branchMap":{},"s":{"0":4,"1":2},"f":{"0":2,"1":2},"b":{},"meta":{"lastBranch":0,"lastFunction":2,"lastStatement":2,"seen":{"s:8:47:11:Infinity":0,"f:9:11:9:17":0,"s:9:17:9:Infinity":1,"f:10:11:10:17":1}}}
,"/Users/byronhulcher/scratch/frontend-interview/src/data/nestedDataStore/NestedDataStoreContext.ts": {"path":"/Users/byronhulcher/scratch/frontend-interview/src/data/nestedDataStore/NestedDataStoreContext.ts","statementMap":{"0":{"start":{"line":4,"column":13},"end":{"line":6,"column":null}}},"fnMap":{},"branchMap":{},"s":{"0":4},"f":{},"b":{},"meta":{"lastBranch":0,"lastFunction":0,"lastStatement":1,"seen":{"s:4:13:6:Infinity":0}}}
,"/Users/byronhulcher/scratch/frontend-interview/src/data/nestedDataStore/NestedDataStoreProvider.tsx": {"path":"/Users/byronhulcher/scratch/frontend-interview/src/data/nestedDataStore/NestedDataStoreProvider.tsx","statementMap":{"0":{"start":{"line":11,"column":8},"end":{"line":11,"column":null}},"1":{"start":{"line":14,"column":8},"end":{"line":16,"column":null}},"2":{"start":{"line":15,"column":4},"end":{"line":15,"column":null}},"3":{"start":{"line":18,"column":8},"end":{"line":20,"column":null}},"4":{"start":{"line":19,"column":4},"end":{"line":19,"column":null}},"5":{"start":{"line":22,"column":2},"end":{"line":25,"column":null}}},"fnMap":{"0":{"name":"NestedDataStoreProvider","decl":{"start":{"line":6,"column":16},"end":{"line":6,"column":40}},"loc":{"start":{"line":10,"column":3},"end":{"line":27,"column":null}},"line":10},"1":{"name":"(anonymous_1)","decl":{"start":{"line":14,"column":30},"end":{"line":14,"column":31}},"loc":{"start":{"line":14,"column":68},"end":{"line":16,"column":5}},"line":14},"2":{"name":"(anonymous_2)","decl":{"start":{"line":18,"column":30},"end":{"line":18,"column":31}},"loc":{"start":{"line":18,"column":67},"end":{"line":20,"column":5}},"line":18}},"branchMap":{"0":{"loc":{"start":{"line":15,"column":11},"end":{"line":15,"column":null}},"type":"binary-expr","locations":[{"start":{"line":15,"column":11},"end":{"line":15,"column":38}},{"start":{"line":15,"column":38},"end":{"line":15,"column":null}}],"line":15}},"s":{"0":9,"1":9,"2":11,"3":9,"4":15,"5":9},"f":{"0":9,"1":11,"2":15},"b":{"0":[11,4]},"meta":{"lastBranch":1,"lastFunction":3,"lastStatement":6,"seen":{"f:6:16:6:40":0,"s:11:8:11:Infinity":0,"s:14:8:16:Infinity":1,"f:14:30:14:31":1,"s:15:4:15:Infinity":2,"b:15:11:15:38:15:38:15:Infinity":0,"s:18:8:20:Infinity":3,"f:18:30:18:31":2,"s:19:4:19:Infinity":4,"s:22:2:25:Infinity":5}}}
,"/Users/byronhulcher/scratch/frontend-interview/src/data/nestedDataStore/useNestedDataStore.ts": {"path":"/Users/byronhulcher/scratch/frontend-interview/src/data/nestedDataStore/useNestedDataStore.ts","statementMap":{"0":{"start":{"line":8,"column":2},"end":{"line":8,"column":null}}},"fnMap":{"0":{"name":"useNestedDataStore","decl":{"start":{"line":7,"column":16},"end":{"line":7,"column":59}},"loc":{"start":{"line":7,"column":59},"end":{"line":9,"column":null}},"line":7}},"branchMap":{"0":{"loc":{"start":{"line":8,"column":2},"end":{"line":8,"column":null}},"type":"binary-expr","locations":[{"start":{"line":8,"column":2},"end":{"line":8,"column":47}},{"start":{"line":8,"column":47},"end":{"line":8,"column":null}}],"line":8}},"s":{"0":596},"f":{"0":596},"b":{"0":[596,404]},"meta":{"lastBranch":1,"lastFunction":1,"lastStatement":1,"seen":{"f:7:16:7:59":0,"s:8:2:8:Infinity":0,"b:8:2:8:47:8:47:8:Infinity":0}}}
,"/Users/byronhulcher/scratch/frontend-interview/src/lib/utils.ts": {"path":"/Users/byronhulcher/scratch/frontend-interview/src/lib/utils.ts","statementMap":{"0":{"start":{"line":5,"column":2},"end":{"line":5,"column":null}}},"fnMap":{"0":{"name":"cn","decl":{"start":{"line":4,"column":16},"end":{"line":4,"column":22}},"loc":{"start":{"line":4,"column":44},"end":{"line":6,"column":null}},"line":4}},"branchMap":{},"s":{"0":6843},"f":{"0":6843},"b":{},"meta":{"lastBranch":0,"lastFunction":1,"lastStatement":1,"seen":{"f:4:16:4:22":0,"s:5:2:5:Infinity":0}}}
}
